-------------------------------------------------------------------------------
Test set: com.entities.UserTest
-------------------------------------------------------------------------------
Tests run: 9, Failures: 0, Errors: 3, Skipped: 0, Time elapsed: 1.167 s <<< FAILURE! - in com.entities.UserTest
jaccardDistance(com.entities.UserTest)  Time elapsed: 0.147 s  <<< ERROR!
org.springframework.transaction.TransactionSystemException: Could not commit JPA transaction; nested exception is javax.persistence.RollbackException: Error while committing the transaction
	at com.entities.UserTest.jaccardDistance(UserTest.java:77)
Caused by: javax.persistence.RollbackException: Error while committing the transaction
	at com.entities.UserTest.jaccardDistance(UserTest.java:77)
Caused by: javax.validation.ConstraintViolationException: 
Validation failed for classes [com.entities.Product] during persist time for groups [javax.validation.groups.Default, ]
List of constraint violations:[
	ConstraintViolationImpl{interpolatedMessage='must not be null', propertyPath=productName, rootBeanClass=class com.entities.Product, messageTemplate='{javax.validation.constraints.NotNull.message}'}
]
	at com.entities.UserTest.jaccardDistance(UserTest.java:77)

writeReview(com.entities.UserTest)  Time elapsed: 0.041 s  <<< ERROR!
org.springframework.transaction.TransactionSystemException: Could not commit JPA transaction; nested exception is javax.persistence.RollbackException: Error while committing the transaction
	at com.entities.UserTest.writeReview(UserTest.java:42)
Caused by: javax.persistence.RollbackException: Error while committing the transaction
	at com.entities.UserTest.writeReview(UserTest.java:42)
Caused by: javax.validation.ConstraintViolationException: 
Validation failed for classes [com.entities.Product] during persist time for groups [javax.validation.groups.Default, ]
List of constraint violations:[
	ConstraintViolationImpl{interpolatedMessage='must not be null', propertyPath=productName, rootBeanClass=class com.entities.Product, messageTemplate='{javax.validation.constraints.NotNull.message}'}
]
	at com.entities.UserTest.writeReview(UserTest.java:42)

createProduct(com.entities.UserTest)  Time elapsed: 0.024 s  <<< ERROR!
org.springframework.transaction.TransactionSystemException: Could not commit JPA transaction; nested exception is javax.persistence.RollbackException: Error while committing the transaction
	at com.entities.UserTest.createProduct(UserTest.java:31)
Caused by: javax.persistence.RollbackException: Error while committing the transaction
	at com.entities.UserTest.createProduct(UserTest.java:31)
Caused by: javax.validation.ConstraintViolationException: 
Validation failed for classes [com.entities.Product] during persist time for groups [javax.validation.groups.Default, ]
List of constraint violations:[
	ConstraintViolationImpl{interpolatedMessage='must not be null', propertyPath=productName, rootBeanClass=class com.entities.Product, messageTemplate='{javax.validation.constraints.NotNull.message}'}
]
	at com.entities.UserTest.createProduct(UserTest.java:31)

