-------------------------------------------------------------------------------
Test set: com.entities.ReviewTest
-------------------------------------------------------------------------------
Tests run: 3, Failures: 0, Errors: 3, Skipped: 0, Time elapsed: 0.299 s <<< FAILURE! - in com.entities.ReviewTest
equalsNotFalsePositive(com.entities.ReviewTest)  Time elapsed: 0.032 s  <<< ERROR!
org.springframework.transaction.TransactionSystemException: Could not commit JPA transaction; nested exception is javax.persistence.RollbackException: Error while committing the transaction
	at com.entities.ReviewTest.equalsNotFalsePositive(ReviewTest.java:43)
Caused by: javax.persistence.RollbackException: Error while committing the transaction
	at com.entities.ReviewTest.equalsNotFalsePositive(ReviewTest.java:43)
Caused by: javax.validation.ConstraintViolationException: 
Validation failed for classes [com.entities.Product] during persist time for groups [javax.validation.groups.Default, ]
List of constraint violations:[
	ConstraintViolationImpl{interpolatedMessage='must not be null', propertyPath=productName, rootBeanClass=class com.entities.Product, messageTemplate='{javax.validation.constraints.NotNull.message}'}
]
	at com.entities.ReviewTest.equalsNotFalsePositive(ReviewTest.java:43)

equalsNotFalseNegative(com.entities.ReviewTest)  Time elapsed: 0.068 s  <<< ERROR!
org.springframework.transaction.TransactionSystemException: Could not commit JPA transaction; nested exception is javax.persistence.RollbackException: Error while committing the transaction
	at com.entities.ReviewTest.equalsNotFalseNegative(ReviewTest.java:55)
Caused by: javax.persistence.RollbackException: Error while committing the transaction
	at com.entities.ReviewTest.equalsNotFalseNegative(ReviewTest.java:55)
Caused by: javax.validation.ConstraintViolationException: 
Validation failed for classes [com.entities.Product] during persist time for groups [javax.validation.groups.Default, ]
List of constraint violations:[
	ConstraintViolationImpl{interpolatedMessage='must not be null', propertyPath=productName, rootBeanClass=class com.entities.Product, messageTemplate='{javax.validation.constraints.NotNull.message}'}
]
	at com.entities.ReviewTest.equalsNotFalseNegative(ReviewTest.java:55)

overridingOldReviewsWithNewOnes(com.entities.ReviewTest)  Time elapsed: 0.122 s  <<< ERROR!
org.springframework.transaction.TransactionSystemException: Could not commit JPA transaction; nested exception is javax.persistence.RollbackException: Error while committing the transaction
	at com.entities.ReviewTest.overridingOldReviewsWithNewOnes(ReviewTest.java:28)
Caused by: javax.persistence.RollbackException: Error while committing the transaction
	at com.entities.ReviewTest.overridingOldReviewsWithNewOnes(ReviewTest.java:28)
Caused by: javax.validation.ConstraintViolationException: 
Validation failed for classes [com.entities.Product] during persist time for groups [javax.validation.groups.Default, ]
List of constraint violations:[
	ConstraintViolationImpl{interpolatedMessage='must not be null', propertyPath=productName, rootBeanClass=class com.entities.Product, messageTemplate='{javax.validation.constraints.NotNull.message}'}
]
	at com.entities.ReviewTest.overridingOldReviewsWithNewOnes(ReviewTest.java:28)

