<?xml version="1.0" encoding="UTF-8"?>
<testsuite xmlns:xsi="http://www.w3.org/2001/XMLSchema-instance" xsi:noNamespaceSchemaLocation="https://maven.apache.org/surefire/maven-surefire-plugin/xsd/surefire-test-report.xsd" name="com.entities.ProductTest" time="39.411" tests="2" errors="2" skipped="0" failures="0">
  <properties>
[...]
</properties>
  <testcase name="equalsNotFalsePositive" classname="com.entities.ProductTest" time="1.339">
    <error message="Could not commit JPA transaction; nested exception is javax.persistence.RollbackException: Error while committing the transaction" type="org.springframework.transaction.TransactionSystemException">org.springframework.transaction.TransactionSystemException: Could not commit JPA transaction; nested exception is javax.persistence.RollbackException: Error while committing the transaction
	at com.entities.ProductTest.equalsNotFalsePositive(ProductTest.java:29)
Caused by: javax.persistence.RollbackException: Error while committing the transaction
	at com.entities.ProductTest.equalsNotFalsePositive(ProductTest.java:29)
Caused by: javax.validation.ConstraintViolationException: 
Validation failed for classes [com.entities.Product] during persist time for groups [javax.validation.groups.Default, ]
List of constraint violations:[
	ConstraintViolationImpl{interpolatedMessage='must not be null', propertyPath=productName, rootBeanClass=class com.entities.Product, messageTemplate='{javax.validation.constraints.NotNull.message}'}
]
	at com.entities.ProductTest.equalsNotFalsePositive(ProductTest.java:29)
</error>
    <system-out><![CDATA[21:01:39.573 [main] DEBUG org.springframework.test.context.junit4.SpringJUnit4ClassRunner - SpringJUnit4ClassRunner constructor called with [class com.entities.ProductTest]
21:01:39.614 [main] DEBUG org.springframework.test.context.BootstrapUtils - Instantiating CacheAwareContextLoaderDelegate from class [org.springframework.test.context.cache.DefaultCacheAwareContextLoaderDelegate]
21:01:39.661 [main] DEBUG org.springframework.test.context.BootstrapUtils - Instantiating BootstrapContext using constructor [public org.springframework.test.context.support.DefaultBootstrapContext(java.lang.Class,org.springframework.test.context.CacheAwareContextLoaderDelegate)]
21:01:39.786 [main] DEBUG org.springframework.test.context.BootstrapUtils - Instantiating TestContextBootstrapper for test class [com.entities.ProductTest] from class [org.springframework.boot.test.context.SpringBootTestContextBootstrapper]
21:01:39.985 [main] INFO org.springframework.boot.test.context.SpringBootTestContextBootstrapper - Neither @ContextConfiguration nor @ContextHierarchy found for test class [com.entities.ProductTest], using SpringBootContextLoader
21:01:40.013 [main] DEBUG org.springframework.test.context.support.AbstractContextLoader - Did not detect default resource location for test class [com.entities.ProductTest]: class path resource [com/entities/ProductTest-context.xml] does not exist
21:01:40.016 [main] DEBUG org.springframework.test.context.support.AbstractContextLoader - Did not detect default resource location for test class [com.entities.ProductTest]: class path resource [com/entities/ProductTestContext.groovy] does not exist
21:01:40.024 [main] INFO org.springframework.test.context.support.AbstractContextLoader - Could not detect default resource locations for test class [com.entities.ProductTest]: no resource found for suffixes {-context.xml, Context.groovy}.
21:01:40.026 [main] INFO org.springframework.test.context.support.AnnotationConfigContextLoaderUtils - Could not detect default configuration classes for test class [com.entities.ProductTest]: ProductTest does not declare any static, non-private, non-final, nested classes annotated with @Configuration.
21:01:40.417 [main] DEBUG org.springframework.test.context.support.ActiveProfilesUtils - Could not find an 'annotation declaring class' for annotation type [org.springframework.test.context.ActiveProfiles] and class [com.entities.ProductTest]
21:01:40.445 [main] DEBUG org.springframework.core.env.StandardEnvironment - Adding PropertySource 'systemProperties' with lowest search precedence
21:01:40.446 [main] DEBUG org.springframework.core.env.StandardEnvironment - Adding PropertySource 'systemEnvironment' with lowest search precedence
21:01:40.446 [main] DEBUG org.springframework.core.env.StandardEnvironment - Initialized StandardEnvironment with PropertySources [MapPropertySource@2134991632 {name='systemProperties', properties={idea.version=2017.3.5, java.runtime.name=Java(TM) SE Runtime Environment, sun.boot.library.path=/Library/Java/JavaVirtualMachines/jdk1.8.0_101.jdk/Contents/Home/jre/lib, java.vm.version=25.101-b13, gopherProxySet=false, java.vm.vendor=Oracle Corporation, java.vendor.url=http://java.oracle.com/, path.separator=:, java.vm.name=Java HotSpot(TM) 64-Bit Server VM, file.encoding.pkg=sun.io, user.country=US, sun.java.launcher=SUN_STANDARD, sun.os.patch.level=unknown, java.vm.specification.name=Java Virtual Machine Specification, user.dir=/Users/CrimsonDevil/git/LeftoverReviews, java.runtime.version=1.8.0_101-b13, basedir=/Users/CrimsonDevil/git/LeftoverReviews, java.awt.graphicsenv=sun.awt.CGraphicsEnvironment, java.endorsed.dirs=/Library/Java/JavaVirtualMachines/jdk1.8.0_101.jdk/Contents/Home/jre/lib/endorsed, os.arch=x86_64, surefire.real.class.path=/Users/CrimsonDevil/git/LeftoverReviews/target/surefire/surefirebooter1944300343629469837.jar, java.io.tmpdir=/var/folders/s5/2244knyj4fvb72ds80jmj5vm0000gn/T/, line.separator=
, java.vm.specification.vendor=Oracle Corporation, os.name=Mac OS X, sun.jnu.encoding=UTF-8, java.library.path=/Users/CrimsonDevil/Library/Java/Extensions:/Library/Java/Extensions:/Network/Library/Java/Extensions:/System/Library/Java/Extensions:/usr/lib/java:., surefire.test.class.path=/Users/CrimsonDevil/git/LeftoverReviews/target/test-classes:/Users/CrimsonDevil/git/LeftoverReviews/target/classes:/Users/CrimsonDevil/.m2/repository/org/springframework/boot/spring-boot-starter-data-jpa/2.0.0.RELEASE/spring-boot-starter-data-jpa-2.0.0.RELEASE.jar:/Users/CrimsonDevil/.m2/repository/org/springframework/boot/spring-boot-starter/2.0.0.RELEASE/spring-boot-starter-2.0.0.RELEASE.jar:/Users/CrimsonDevil/.m2/repository/org/springframework/boot/spring-boot-starter-logging/2.0.0.RELEASE/spring-boot-starter-logging-2.0.0.RELEASE.jar:/Users/CrimsonDevil/.m2/repository/ch/qos/logback/logback-classic/1.2.3/logback-classic-1.2.3.jar:/Users/CrimsonDevil/.m2/repository/ch/qos/logback/logback-core/1.2.3/logback-core-1.2.3.jar:/Users/CrimsonDevil/.m2/repository/org/apache/logging/log4j/log4j-to-slf4j/2.10.0/log4j-to-slf4j-2.10.0.jar:/Users/CrimsonDevil/.m2/repository/org/apache/logging/log4j/log4j-api/2.10.0/log4j-api-2.10.0.jar:/Users/CrimsonDevil/.m2/repository/org/slf4j/jul-to-slf4j/1.7.25/jul-to-slf4j-1.7.25.jar:/Users/CrimsonDevil/.m2/repository/javax/annotation/javax.annotation-api/1.3.2/javax.annotation-api-1.3.2.jar:/Users/CrimsonDevil/.m2/repository/org/yaml/snakeyaml/1.19/snakeyaml-1.19.jar:/Users/CrimsonDevil/.m2/repository/org/springframework/boot/spring-boot-starter-aop/2.0.0.RELEASE/spring-boot-starter-aop-2.0.0.RELEASE.jar:/Users/CrimsonDevil/.m2/repository/org/springframework/spring-aop/5.0.4.RELEASE/spring-aop-5.0.4.RELEASE.jar:/Users/CrimsonDevil/.m2/repository/org/aspectj/aspectjweaver/1.8.13/aspectjweaver-1.8.13.jar:/Users/CrimsonDevil/.m2/repository/org/springframework/boot/spring-boot-starter-jdbc/2.0.0.RELEASE/spring-boot-starter-jdbc-2.0.0.RELEASE.jar:/Users/CrimsonDevil/.m2/repository/com/zaxxer/HikariCP/2.7.8/HikariCP-2.7.8.jar:/Users/CrimsonDevil/.m2/repository/org/springframework/spring-jdbc/5.0.4.RELEASE/spring-jdbc-5.0.4.RELEASE.jar:/Users/CrimsonDevil/.m2/repository/org/hibernate/hibernate-core/5.2.14.Final/hibernate-core-5.2.14.Final.jar:/Users/CrimsonDevil/.m2/repository/org/jboss/logging/jboss-logging/3.3.2.Final/jboss-logging-3.3.2.Final.jar:/Users/CrimsonDevil/.m2/repository/org/hibernate/javax/persistence/hibernate-jpa-2.1-api/1.0.0.Final/hibernate-jpa-2.1-api-1.0.0.Final.jar:/Users/CrimsonDevil/.m2/repository/org/javassist/javassist/3.22.0-GA/javassist-3.22.0-GA.jar:/Users/CrimsonDevil/.m2/repository/antlr/antlr/2.7.7/antlr-2.7.7.jar:/Users/CrimsonDevil/.m2/repository/org/jboss/jandex/2.0.3.Final/jandex-2.0.3.Final.jar:/Users/CrimsonDevil/.m2/repository/com/fasterxml/classmate/1.3.4/classmate-1.3.4.jar:/Users/CrimsonDevil/.m2/repository/dom4j/dom4j/1.6.1/dom4j-1.6.1.jar:/Users/CrimsonDevil/.m2/repository/org/hibernate/common/hibernate-commons-annotations/5.0.1.Final/hibernate-commons-annotations-5.0.1.Final.jar:/Users/CrimsonDevil/.m2/repository/javax/transaction/javax.transaction-api/1.2/javax.transaction-api-1.2.jar:/Users/CrimsonDevil/.m2/repository/org/springframework/data/spring-data-jpa/2.0.5.RELEASE/spring-data-jpa-2.0.5.RELEASE.jar:/Users/CrimsonDevil/.m2/repository/org/springframework/data/spring-data-commons/2.0.5.RELEASE/spring-data-commons-2.0.5.RELEASE.jar:/Users/CrimsonDevil/.m2/repository/org/springframework/spring-orm/5.0.4.RELEASE/spring-orm-5.0.4.RELEASE.jar:/Users/CrimsonDevil/.m2/repository/org/springframework/spring-context/5.0.4.RELEASE/spring-context-5.0.4.RELEASE.jar:/Users/CrimsonDevil/.m2/repository/org/springframework/spring-tx/5.0.4.RELEASE/spring-tx-5.0.4.RELEASE.jar:/Users/CrimsonDevil/.m2/repository/org/springframework/spring-beans/5.0.4.RELEASE/spring-beans-5.0.4.RELEASE.jar:/Users/CrimsonDevil/.m2/repository/org/slf4j/slf4j-api/1.7.25/slf4j-api-1.7.25.jar:/Users/CrimsonDevil/.m2/repository/org/springframework/spring-aspects/5.0.4.RELEASE/spring-aspects-5.0.4.RELEASE.jar:/Users/CrimsonDevil/.m2/repository/org/springframework/boot/spring-boot-starter-web/2.0.0.RELEASE/spring-boot-starter-web-2.0.0.RELEASE.jar:/Users/CrimsonDevil/.m2/repository/org/springframework/boot/spring-boot-starter-json/2.0.0.RELEASE/spring-boot-starter-json-2.0.0.RELEASE.jar:/Users/CrimsonDevil/.m2/repository/com/fasterxml/jackson/core/jackson-databind/2.9.4/jackson-databind-2.9.4.jar:/Users/CrimsonDevil/.m2/repository/com/fasterxml/jackson/core/jackson-core/2.9.4/jackson-core-2.9.4.jar:/Users/CrimsonDevil/.m2/repository/com/fasterxml/jackson/datatype/jackson-datatype-jdk8/2.9.4/jackson-datatype-jdk8-2.9.4.jar:/Users/CrimsonDevil/.m2/repository/com/fasterxml/jackson/datatype/jackson-datatype-jsr310/2.9.4/jackson-datatype-jsr310-2.9.4.jar:/Users/CrimsonDevil/.m2/repository/com/fasterxml/jackson/module/jackson-module-parameter-names/2.9.4/jackson-module-parameter-names-2.9.4.jar:/Users/CrimsonDevil/.m2/repository/org/springframework/boot/spring-boot-starter-tomcat/2.0.0.RELEASE/spring-boot-starter-tomcat-2.0.0.RELEASE.jar:/Users/CrimsonDevil/.m2/repository/org/apache/tomcat/embed/tomcat-embed-core/8.5.28/tomcat-embed-core-8.5.28.jar:/Users/CrimsonDevil/.m2/repository/org/apache/tomcat/embed/tomcat-embed-el/8.5.28/tomcat-embed-el-8.5.28.jar:/Users/CrimsonDevil/.m2/repository/org/apache/tomcat/embed/tomcat-embed-websocket/8.5.28/tomcat-embed-websocket-8.5.28.jar:/Users/CrimsonDevil/.m2/repository/org/hibernate/validator/hibernate-validator/6.0.7.Final/hibernate-validator-6.0.7.Final.jar:/Users/CrimsonDevil/.m2/repository/javax/validation/validation-api/2.0.1.Final/validation-api-2.0.1.Final.jar:/Users/CrimsonDevil/.m2/repository/org/springframework/spring-web/5.0.4.RELEASE/spring-web-5.0.4.RELEASE.jar:/Users/CrimsonDevil/.m2/repository/org/springframework/spring-webmvc/5.0.4.RELEASE/spring-webmvc-5.0.4.RELEASE.jar:/Users/CrimsonDevil/.m2/repository/org/springframework/spring-expression/5.0.4.RELEASE/spring-expression-5.0.4.RELEASE.jar:/Users/CrimsonDevil/.m2/repository/org/springframework/boot/spring-boot-starter-test/2.0.0.RELEASE/spring-boot-starter-test-2.0.0.RELEASE.jar:/Users/CrimsonDevil/.m2/repository/org/springframework/boot/spring-boot-test/2.0.0.RELEASE/spring-boot-test-2.0.0.RELEASE.jar:/Users/CrimsonDevil/.m2/repository/org/springframework/boot/spring-boot-test-autoconfigure/2.0.0.RELEASE/spring-boot-test-autoconfigure-2.0.0.RELEASE.jar:/Users/CrimsonDevil/.m2/repository/com/jayway/jsonpath/json-path/2.4.0/json-path-2.4.0.jar:/Users/CrimsonDevil/.m2/repository/net/minidev/json-smart/2.3/json-smart-2.3.jar:/Users/CrimsonDevil/.m2/repository/net/minidev/accessors-smart/1.2/accessors-smart-1.2.jar:/Users/CrimsonDevil/.m2/repository/org/ow2/asm/asm/5.0.4/asm-5.0.4.jar:/Users/CrimsonDevil/.m2/repository/junit/junit/4.12/junit-4.12.jar:/Users/CrimsonDevil/.m2/repository/org/assertj/assertj-core/3.9.1/assertj-core-3.9.1.jar:/Users/CrimsonDevil/.m2/repository/org/mockito/mockito-core/2.15.0/mockito-core-2.15.0.jar:/Users/CrimsonDevil/.m2/repository/net/bytebuddy/byte-buddy/1.7.10/byte-buddy-1.7.10.jar:/Users/CrimsonDevil/.m2/repository/net/bytebuddy/byte-buddy-agent/1.7.10/byte-buddy-agent-1.7.10.jar:/Users/CrimsonDevil/.m2/repository/org/objenesis/objenesis/2.6/objenesis-2.6.jar:/Users/CrimsonDevil/.m2/repository/org/hamcrest/hamcrest-core/1.3/hamcrest-core-1.3.jar:/Users/CrimsonDevil/.m2/repository/org/hamcrest/hamcrest-library/1.3/hamcrest-library-1.3.jar:/Users/CrimsonDevil/.m2/repository/org/skyscreamer/jsonassert/1.5.0/jsonassert-1.5.0.jar:/Users/CrimsonDevil/.m2/repository/com/vaadin/external/google/android-json/0.0.20131108.vaadin1/android-json-0.0.20131108.vaadin1.jar:/Users/CrimsonDevil/.m2/repository/org/springframework/spring-core/5.0.4.RELEASE/spring-core-5.0.4.RELEASE.jar:/Users/CrimsonDevil/.m2/repository/org/springframework/spring-jcl/5.0.4.RELEASE/spring-jcl-5.0.4.RELEASE.jar:/Users/CrimsonDevil/.m2/repository/org/springframework/spring-test/5.0.4.RELEASE/spring-test-5.0.4.RELEASE.jar:/Users/CrimsonDevil/.m2/repository/org/xmlunit/xmlunit-core/2.5.1/xmlunit-core-2.5.1.jar:/Users/CrimsonDevil/.m2/repository/org/springframework/boot/spring-boot-starter-data-rest/2.0.0.RELEASE/spring-boot-starter-data-rest-2.0.0.RELEASE.jar:/Users/CrimsonDevil/.m2/repository/org/springframework/data/spring-data-rest-webmvc/3.0.5.RELEASE/spring-data-rest-webmvc-3.0.5.RELEASE.jar:/Users/CrimsonDevil/.m2/repository/org/springframework/data/spring-data-rest-core/3.0.5.RELEASE/spring-data-rest-core-3.0.5.RELEASE.jar:/Users/CrimsonDevil/.m2/repository/org/springframework/hateoas/spring-hateoas/0.24.0.RELEASE/spring-hateoas-0.24.0.RELEASE.jar:/Users/CrimsonDevil/.m2/repository/org/springframework/plugin/spring-plugin-core/1.2.0.RELEASE/spring-plugin-core-1.2.0.RELEASE.jar:/Users/CrimsonDevil/.m2/repository/org/atteo/evo-inflector/1.2.2/evo-inflector-1.2.2.jar:/Users/CrimsonDevil/.m2/repository/com/fasterxml/jackson/core/jackson-annotations/2.9.0/jackson-annotations-2.9.0.jar:/Users/CrimsonDevil/.m2/repository/com/h2database/h2/1.4.196/h2-1.4.196.jar:/Users/CrimsonDevil/.m2/repository/org/springframework/boot/spring-boot-starter-thymeleaf/2.0.0.RELEASE/spring-boot-starter-thymeleaf-2.0.0.RELEASE.jar:/Users/CrimsonDevil/.m2/repository/org/thymeleaf/thymeleaf-spring5/3.0.9.RELEASE/thymeleaf-spring5-3.0.9.RELEASE.jar:/Users/CrimsonDevil/.m2/repository/org/thymeleaf/thymeleaf/3.0.9.RELEASE/thymeleaf-3.0.9.RELEASE.jar:/Users/CrimsonDevil/.m2/repository/org/attoparser/attoparser/2.0.4.RELEASE/attoparser-2.0.4.RELEASE.jar:/Users/CrimsonDevil/.m2/repository/org/unbescape/unbescape/1.1.5.RELEASE/unbescape-1.1.5.RELEASE.jar:/Users/CrimsonDevil/.m2/repository/org/thymeleaf/extras/thymeleaf-extras-java8time/3.0.1.RELEASE/thymeleaf-extras-java8time-3.0.1.RELEASE.jar:/Users/CrimsonDevil/.m2/repository/org/springframework/boot/spring-boot-devtools/2.0.0.RELEASE/spring-boot-devtools-2.0.0.RELEASE.jar:/Users/CrimsonDevil/.m2/repository/org/springframework/boot/spring-boot/2.0.0.RELEASE/spring-boot-2.0.0.RELEASE.jar:/Users/CrimsonDevil/.m2/repository/org/springframework/boot/spring-boot-autoconfigure/2.0.0.RELEASE/spring-boot-autoconfigure-2.0.0.RELEASE.jar:/Users/CrimsonDevil/.m2/repository/org/eclipse/persistence/javax.persistence/2.1.0/javax.persistence-2.1.0.jar:/Users/CrimsonDevil/.m2/repository/org/junit/jupiter/junit-jupiter-api/5.1.0/junit-jupiter-api-5.1.0.jar:/Users/CrimsonDevil/.m2/repository/org/apiguardian/apiguardian-api/1.0.0/apiguardian-api-1.0.0.jar:/Users/CrimsonDevil/.m2/repository/org/opentest4j/opentest4j/1.0.0/opentest4j-1.0.0.jar:/Users/CrimsonDevil/.m2/repository/org/junit/platform/junit-platform-commons/1.1.0/junit-platform-commons-1.1.0.jar:, java.specification.name=Java Platform API Specification, java.class.version=52.0, sun.management.compiler=HotSpot 64-Bit Tiered Compilers, os.version=10.13.3, http.nonProxyHosts=local|*.local|169.254/16|*.169.254/16, user.home=/Users/CrimsonDevil, user.timezone=America/Toronto, java.awt.printerjob=sun.lwawt.macosx.CPrinterJob, file.encoding=UTF-8, java.specification.version=1.8, java.class.path=/Users/CrimsonDevil/git/LeftoverReviews/target/test-classes:/Users/CrimsonDevil/git/LeftoverReviews/target/classes:/Users/CrimsonDevil/.m2/repository/org/springframework/boot/spring-boot-starter-data-jpa/2.0.0.RELEASE/spring-boot-starter-data-jpa-2.0.0.RELEASE.jar:/Users/CrimsonDevil/.m2/repository/org/springframework/boot/spring-boot-starter/2.0.0.RELEASE/spring-boot-starter-2.0.0.RELEASE.jar:/Users/CrimsonDevil/.m2/repository/org/springframework/boot/spring-boot-starter-logging/2.0.0.RELEASE/spring-boot-starter-logging-2.0.0.RELEASE.jar:/Users/CrimsonDevil/.m2/repository/ch/qos/logback/logback-classic/1.2.3/logback-classic-1.2.3.jar:/Users/CrimsonDevil/.m2/repository/ch/qos/logback/logback-core/1.2.3/logback-core-1.2.3.jar:/Users/CrimsonDevil/.m2/repository/org/apache/logging/log4j/log4j-to-slf4j/2.10.0/log4j-to-slf4j-2.10.0.jar:/Users/CrimsonDevil/.m2/repository/org/apache/logging/log4j/log4j-api/2.10.0/log4j-api-2.10.0.jar:/Users/CrimsonDevil/.m2/repository/org/slf4j/jul-to-slf4j/1.7.25/jul-to-slf4j-1.7.25.jar:/Users/CrimsonDevil/.m2/repository/javax/annotation/javax.annotation-api/1.3.2/javax.annotation-api-1.3.2.jar:/Users/CrimsonDevil/.m2/repository/org/yaml/snakeyaml/1.19/snakeyaml-1.19.jar:/Users/CrimsonDevil/.m2/repository/org/springframework/boot/spring-boot-starter-aop/2.0.0.RELEASE/spring-boot-starter-aop-2.0.0.RELEASE.jar:/Users/CrimsonDevil/.m2/repository/org/springframework/spring-aop/5.0.4.RELEASE/spring-aop-5.0.4.RELEASE.jar:/Users/CrimsonDevil/.m2/repository/org/aspectj/aspectjweaver/1.8.13/aspectjweaver-1.8.13.jar:/Users/CrimsonDevil/.m2/repository/org/springframework/boot/spring-boot-starter-jdbc/2.0.0.RELEASE/spring-boot-starter-jdbc-2.0.0.RELEASE.jar:/Users/CrimsonDevil/.m2/repository/com/zaxxer/HikariCP/2.7.8/HikariCP-2.7.8.jar:/Users/CrimsonDevil/.m2/repository/org/springframework/spring-jdbc/5.0.4.RELEASE/spring-jdbc-5.0.4.RELEASE.jar:/Users/CrimsonDevil/.m2/repository/org/hibernate/hibernate-core/5.2.14.Final/hibernate-core-5.2.14.Final.jar:/Users/CrimsonDevil/.m2/repository/org/jboss/logging/jboss-logging/3.3.2.Final/jboss-logging-3.3.2.Final.jar:/Users/CrimsonDevil/.m2/repository/org/hibernate/javax/persistence/hibernate-jpa-2.1-api/1.0.0.Final/hibernate-jpa-2.1-api-1.0.0.Final.jar:/Users/CrimsonDevil/.m2/repository/org/javassist/javassist/3.22.0-GA/javassist-3.22.0-GA.jar:/Users/CrimsonDevil/.m2/repository/antlr/antlr/2.7.7/antlr-2.7.7.jar:/Users/CrimsonDevil/.m2/repository/org/jboss/jandex/2.0.3.Final/jandex-2.0.3.Final.jar:/Users/CrimsonDevil/.m2/repository/com/fasterxml/classmate/1.3.4/classmate-1.3.4.jar:/Users/CrimsonDevil/.m2/repository/dom4j/dom4j/1.6.1/dom4j-1.6.1.jar:/Users/CrimsonDevil/.m2/repository/org/hibernate/common/hibernate-commons-annotations/5.0.1.Final/hibernate-commons-annotations-5.0.1.Final.jar:/Users/CrimsonDevil/.m2/repository/javax/transaction/javax.transaction-api/1.2/javax.transaction-api-1.2.jar:/Users/CrimsonDevil/.m2/repository/org/springframework/data/spring-data-jpa/2.0.5.RELEASE/spring-data-jpa-2.0.5.RELEASE.jar:/Users/CrimsonDevil/.m2/repository/org/springframework/data/spring-data-commons/2.0.5.RELEASE/spring-data-commons-2.0.5.RELEASE.jar:/Users/CrimsonDevil/.m2/repository/org/springframework/spring-orm/5.0.4.RELEASE/spring-orm-5.0.4.RELEASE.jar:/Users/CrimsonDevil/.m2/repository/org/springframework/spring-context/5.0.4.RELEASE/spring-context-5.0.4.RELEASE.jar:/Users/CrimsonDevil/.m2/repository/org/springframework/spring-tx/5.0.4.RELEASE/spring-tx-5.0.4.RELEASE.jar:/Users/CrimsonDevil/.m2/repository/org/springframework/spring-beans/5.0.4.RELEASE/spring-beans-5.0.4.RELEASE.jar:/Users/CrimsonDevil/.m2/repository/org/slf4j/slf4j-api/1.7.25/slf4j-api-1.7.25.jar:/Users/CrimsonDevil/.m2/repository/org/springframework/spring-aspects/5.0.4.RELEASE/spring-aspects-5.0.4.RELEASE.jar:/Users/CrimsonDevil/.m2/repository/org/springframework/boot/spring-boot-starter-web/2.0.0.RELEASE/spring-boot-starter-web-2.0.0.RELEASE.jar:/Users/CrimsonDevil/.m2/repository/org/springframework/boot/spring-boot-starter-json/2.0.0.RELEASE/spring-boot-starter-json-2.0.0.RELEASE.jar:/Users/CrimsonDevil/.m2/repository/com/fasterxml/jackson/core/jackson-databind/2.9.4/jackson-databind-2.9.4.jar:/Users/CrimsonDevil/.m2/repository/com/fasterxml/jackson/core/jackson-core/2.9.4/jackson-core-2.9.4.jar:/Users/CrimsonDevil/.m2/repository/com/fasterxml/jackson/datatype/jackson-datatype-jdk8/2.9.4/jackson-datatype-jdk8-2.9.4.jar:/Users/CrimsonDevil/.m2/repository/com/fasterxml/jackson/datatype/jackson-datatype-jsr310/2.9.4/jackson-datatype-jsr310-2.9.4.jar:/Users/CrimsonDevil/.m2/repository/com/fasterxml/jackson/module/jackson-module-parameter-names/2.9.4/jackson-module-parameter-names-2.9.4.jar:/Users/CrimsonDevil/.m2/repository/org/springframework/boot/spring-boot-starter-tomcat/2.0.0.RELEASE/spring-boot-starter-tomcat-2.0.0.RELEASE.jar:/Users/CrimsonDevil/.m2/repository/org/apache/tomcat/embed/tomcat-embed-core/8.5.28/tomcat-embed-core-8.5.28.jar:/Users/CrimsonDevil/.m2/repository/org/apache/tomcat/embed/tomcat-embed-el/8.5.28/tomcat-embed-el-8.5.28.jar:/Users/CrimsonDevil/.m2/repository/org/apache/tomcat/embed/tomcat-embed-websocket/8.5.28/tomcat-embed-websocket-8.5.28.jar:/Users/CrimsonDevil/.m2/repository/org/hibernate/validator/hibernate-validator/6.0.7.Final/hibernate-validator-6.0.7.Final.jar:/Users/CrimsonDevil/.m2/repository/javax/validation/validation-api/2.0.1.Final/validation-api-2.0.1.Final.jar:/Users/CrimsonDevil/.m2/repository/org/springframework/spring-web/5.0.4.RELEASE/spring-web-5.0.4.RELEASE.jar:/Users/CrimsonDevil/.m2/repository/org/springframework/spring-webmvc/5.0.4.RELEASE/spring-webmvc-5.0.4.RELEASE.jar:/Users/CrimsonDevil/.m2/repository/org/springframework/spring-expression/5.0.4.RELEASE/spring-expression-5.0.4.RELEASE.jar:/Users/CrimsonDevil/.m2/repository/org/springframework/boot/spring-boot-starter-test/2.0.0.RELEASE/spring-boot-starter-test-2.0.0.RELEASE.jar:/Users/CrimsonDevil/.m2/repository/org/springframework/boot/spring-boot-test/2.0.0.RELEASE/spring-boot-test-2.0.0.RELEASE.jar:/Users/CrimsonDevil/.m2/repository/org/springframework/boot/spring-boot-test-autoconfigure/2.0.0.RELEASE/spring-boot-test-autoconfigure-2.0.0.RELEASE.jar:/Users/CrimsonDevil/.m2/repository/com/jayway/jsonpath/json-path/2.4.0/json-path-2.4.0.jar:/Users/CrimsonDevil/.m2/repository/net/minidev/json-smart/2.3/json-smart-2.3.jar:/Users/CrimsonDevil/.m2/repository/net/minidev/accessors-smart/1.2/accessors-smart-1.2.jar:/Users/CrimsonDevil/.m2/repository/org/ow2/asm/asm/5.0.4/asm-5.0.4.jar:/Users/CrimsonDevil/.m2/repository/junit/junit/4.12/junit-4.12.jar:/Users/CrimsonDevil/.m2/repository/org/assertj/assertj-core/3.9.1/assertj-core-3.9.1.jar:/Users/CrimsonDevil/.m2/repository/org/mockito/mockito-core/2.15.0/mockito-core-2.15.0.jar:/Users/CrimsonDevil/.m2/repository/net/bytebuddy/byte-buddy/1.7.10/byte-buddy-1.7.10.jar:/Users/CrimsonDevil/.m2/repository/net/bytebuddy/byte-buddy-agent/1.7.10/byte-buddy-agent-1.7.10.jar:/Users/CrimsonDevil/.m2/repository/org/objenesis/objenesis/2.6/objenesis-2.6.jar:/Users/CrimsonDevil/.m2/repository/org/hamcrest/hamcrest-core/1.3/hamcrest-core-1.3.jar:/Users/CrimsonDevil/.m2/repository/org/hamcrest/hamcrest-library/1.3/hamcrest-library-1.3.jar:/Users/CrimsonDevil/.m2/repository/org/skyscreamer/jsonassert/1.5.0/jsonassert-1.5.0.jar:/Users/CrimsonDevil/.m2/repository/com/vaadin/external/google/android-json/0.0.20131108.vaadin1/android-json-0.0.20131108.vaadin1.jar:/Users/CrimsonDevil/.m2/repository/org/springframework/spring-core/5.0.4.RELEASE/spring-core-5.0.4.RELEASE.jar:/Users/CrimsonDevil/.m2/repository/org/springframework/spring-jcl/5.0.4.RELEASE/spring-jcl-5.0.4.RELEASE.jar:/Users/CrimsonDevil/.m2/repository/org/springframework/spring-test/5.0.4.RELEASE/spring-test-5.0.4.RELEASE.jar:/Users/CrimsonDevil/.m2/repository/org/xmlunit/xmlunit-core/2.5.1/xmlunit-core-2.5.1.jar:/Users/CrimsonDevil/.m2/repository/org/springframework/boot/spring-boot-starter-data-rest/2.0.0.RELEASE/spring-boot-starter-data-rest-2.0.0.RELEASE.jar:/Users/CrimsonDevil/.m2/repository/org/springframework/data/spring-data-rest-webmvc/3.0.5.RELEASE/spring-data-rest-webmvc-3.0.5.RELEASE.jar:/Users/CrimsonDevil/.m2/repository/org/springframework/data/spring-data-rest-core/3.0.5.RELEASE/spring-data-rest-core-3.0.5.RELEASE.jar:/Users/CrimsonDevil/.m2/repository/org/springframework/hateoas/spring-hateoas/0.24.0.RELEASE/spring-hateoas-0.24.0.RELEASE.jar:/Users/CrimsonDevil/.m2/repository/org/springframework/plugin/spring-plugin-core/1.2.0.RELEASE/spring-plugin-core-1.2.0.RELEASE.jar:/Users/CrimsonDevil/.m2/repository/org/atteo/evo-inflector/1.2.2/evo-inflector-1.2.2.jar:/Users/CrimsonDevil/.m2/repository/com/fasterxml/jackson/core/jackson-annotations/2.9.0/jackson-annotations-2.9.0.jar:/Users/CrimsonDevil/.m2/repository/com/h2database/h2/1.4.196/h2-1.4.196.jar:/Users/CrimsonDevil/.m2/repository/org/springframework/boot/spring-boot-starter-thymeleaf/2.0.0.RELEASE/spring-boot-starter-thymeleaf-2.0.0.RELEASE.jar:/Users/CrimsonDevil/.m2/repository/org/thymeleaf/thymeleaf-spring5/3.0.9.RELEASE/thymeleaf-spring5-3.0.9.RELEASE.jar:/Users/CrimsonDevil/.m2/repository/org/thymeleaf/thymeleaf/3.0.9.RELEASE/thymeleaf-3.0.9.RELEASE.jar:/Users/CrimsonDevil/.m2/repository/org/attoparser/attoparser/2.0.4.RELEASE/attoparser-2.0.4.RELEASE.jar:/Users/CrimsonDevil/.m2/repository/org/unbescape/unbescape/1.1.5.RELEASE/unbescape-1.1.5.RELEASE.jar:/Users/CrimsonDevil/.m2/repository/org/thymeleaf/extras/thymeleaf-extras-java8time/3.0.1.RELEASE/thymeleaf-extras-java8time-3.0.1.RELEASE.jar:/Users/CrimsonDevil/.m2/repository/org/springframework/boot/spring-boot-devtools/2.0.0.RELEASE/spring-boot-devtools-2.0.0.RELEASE.jar:/Users/CrimsonDevil/.m2/repository/org/springframework/boot/spring-boot/2.0.0.RELEASE/spring-boot-2.0.0.RELEASE.jar:/Users/CrimsonDevil/.m2/repository/org/springframework/boot/spring-boot-autoconfigure/2.0.0.RELEASE/spring-boot-autoconfigure-2.0.0.RELEASE.jar:/Users/CrimsonDevil/.m2/repository/org/eclipse/persistence/javax.persistence/2.1.0/javax.persistence-2.1.0.jar:/Users/CrimsonDevil/.m2/repository/org/junit/jupiter/junit-jupiter-api/5.1.0/junit-jupiter-api-5.1.0.jar:/Users/CrimsonDevil/.m2/repository/org/apiguardian/apiguardian-api/1.0.0/apiguardian-api-1.0.0.jar:/Users/CrimsonDevil/.m2/repository/org/opentest4j/opentest4j/1.0.0/opentest4j-1.0.0.jar:/Users/CrimsonDevil/.m2/repository/org/junit/platform/junit-platform-commons/1.1.0/junit-platform-commons-1.1.0.jar:, user.name=CrimsonDevil, java.vm.specification.version=1.8, sun.java.command=/Users/CrimsonDevil/git/LeftoverReviews/target/surefire/surefirebooter1944300343629469837.jar /Users/CrimsonDevil/git/LeftoverReviews/target/surefire 2018-04-04T21-01-36_674-jvmRun1 surefire7264115571306921604tmp surefire_09186740943524564806tmp, java.home=/Library/Java/JavaVirtualMachines/jdk1.8.0_101.jdk/Contents/Home/jre, sun.arch.data.model=64, user.language=en, java.specification.vendor=Oracle Corporation, awt.toolkit=sun.lwawt.macosx.LWCToolkit, java.vm.info=mixed mode, java.version=1.8.0_101, java.ext.dirs=/Users/CrimsonDevil/Library/Java/Extensions:/Library/Java/JavaVirtualMachines/jdk1.8.0_101.jdk/Contents/Home/jre/lib/ext:/Library/Java/Extensions:/Network/Library/Java/Extensions:/System/Library/Java/Extensions:/usr/lib/java, sun.boot.class.path=/Library/Java/JavaVirtualMachines/jdk1.8.0_101.jdk/Contents/Home/jre/lib/resources.jar:/Library/Java/JavaVirtualMachines/jdk1.8.0_101.jdk/Contents/Home/jre/lib/rt.jar:/Library/Java/JavaVirtualMachines/jdk1.8.0_101.jdk/Contents/Home/jre/lib/sunrsasign.jar:/Library/Java/JavaVirtualMachines/jdk1.8.0_101.jdk/Contents/Home/jre/lib/jsse.jar:/Library/Java/JavaVirtualMachines/jdk1.8.0_101.jdk/Contents/Home/jre/lib/jce.jar:/Library/Java/JavaVirtualMachines/jdk1.8.0_101.jdk/Contents/Home/jre/lib/charsets.jar:/Library/Java/JavaVirtualMachines/jdk1.8.0_101.jdk/Contents/Home/jre/lib/jfr.jar:/Library/Java/JavaVirtualMachines/jdk1.8.0_101.jdk/Contents/Home/jre/classes, java.vendor=Oracle Corporation, localRepository=/Users/CrimsonDevil/.m2/repository, file.separator=/, java.vendor.url.bug=http://bugreport.sun.com/bugreport/, sun.io.unicode.encoding=UnicodeBig, sun.cpu.endian=little, socksNonProxyHosts=local|*.local|169.254/16|*.169.254/16, ftp.nonProxyHosts=local|*.local|169.254/16|*.169.254/16, sun.cpu.isalist=}}, SystemEnvironmentPropertySource@480971771 {name='systemEnvironment', properties={PATH=/Library/Frameworks/Python.framework/Versions/3.4/bin:/Library/Frameworks/Python.framework/Versions/3.4/bin:/usr/bin:/bin:/usr/sbin:/sbin:/usr/local/bin:/opt/X11/bin:/Library/Frameworks/Mono.framework/Versions/Current/Commands, SHELL=/bin/bash, OLDPWD=/Users/CrimsonDevil/git/LeftoverReviews, VERSIONER_PYTHON_PREFER_32_BIT=no, USER=CrimsonDevil, TMPDIR=/var/folders/s5/2244knyj4fvb72ds80jmj5vm0000gn/T/, SSH_AUTH_SOCK=/private/tmp/com.apple.launchd.m6xdnlYhfs/Listeners, DISPLAY=/private/tmp/com.apple.launchd.zBMSUVUPrN/org.macosforge.xquartz:0, XPC_FLAGS=0x0, VERSIONER_PYTHON_VERSION=2.7, __CF_USER_TEXT_ENCODING=0x1F5:0x0:0x0, Apple_PubSub_Socket_Render=/private/tmp/com.apple.launchd.N5ElLXeq4M/Render, LOGNAME=CrimsonDevil, LC_CTYPE=en_US.UTF-8, XPC_SERVICE_NAME=0, PWD=/Users/CrimsonDevil/git/LeftoverReviews, JAVA_MAIN_CLASS_3504=org.codehaus.classworlds.Launcher, HOME=/Users/CrimsonDevil, SHLVL=1, JAVA_MAIN_CLASS_3514=org.apache.maven.surefire.booter.ForkedBooter, _=/Library/Java/JavaVirtualMachines/jdk1.8.0_101.jdk/Contents/Home/jre/bin/java}}]
21:01:40.480 [main] DEBUG org.springframework.core.io.support.PathMatchingResourcePatternResolver - Resolved classpath location [com/entities/] to resources [URL [file:/Users/CrimsonDevil/git/LeftoverReviews/target/test-classes/com/entities/], URL [file:/Users/CrimsonDevil/git/LeftoverReviews/target/classes/com/entities/]]
21:01:40.481 [main] DEBUG org.springframework.core.io.support.PathMatchingResourcePatternResolver - Looking for matching resources in directory tree [/Users/CrimsonDevil/git/LeftoverReviews/target/test-classes/com/entities]
21:01:40.481 [main] DEBUG org.springframework.core.io.support.PathMatchingResourcePatternResolver - Searching directory [/Users/CrimsonDevil/git/LeftoverReviews/target/test-classes/com/entities] for files matching pattern [/Users/CrimsonDevil/git/LeftoverReviews/target/test-classes/com/entities/*.class]
21:01:40.492 [main] DEBUG org.springframework.core.io.support.PathMatchingResourcePatternResolver - Looking for matching resources in directory tree [/Users/CrimsonDevil/git/LeftoverReviews/target/classes/com/entities]
21:01:40.493 [main] DEBUG org.springframework.core.io.support.PathMatchingResourcePatternResolver - Searching directory [/Users/CrimsonDevil/git/LeftoverReviews/target/classes/com/entities] for files matching pattern [/Users/CrimsonDevil/git/LeftoverReviews/target/classes/com/entities/*.class]
21:01:40.496 [main] DEBUG org.springframework.core.io.support.PathMatchingResourcePatternResolver - Resolved location pattern [classpath*:com/entities/*.class] to resources [file [/Users/CrimsonDevil/git/LeftoverReviews/target/test-classes/com/entities/ProductTest.class], file [/Users/CrimsonDevil/git/LeftoverReviews/target/test-classes/com/entities/ReviewTest.class], file [/Users/CrimsonDevil/git/LeftoverReviews/target/test-classes/com/entities/UserTest.class], file [/Users/CrimsonDevil/git/LeftoverReviews/target/classes/com/entities/Product.class], file [/Users/CrimsonDevil/git/LeftoverReviews/target/classes/com/entities/ProductRepository.class], file [/Users/CrimsonDevil/git/LeftoverReviews/target/classes/com/entities/RepoManager.class], file [/Users/CrimsonDevil/git/LeftoverReviews/target/classes/com/entities/Review.class], file [/Users/CrimsonDevil/git/LeftoverReviews/target/classes/com/entities/ReviewRepository.class], file [/Users/CrimsonDevil/git/LeftoverReviews/target/classes/com/entities/User$1.class], file [/Users/CrimsonDevil/git/LeftoverReviews/target/classes/com/entities/User.class], file [/Users/CrimsonDevil/git/LeftoverReviews/target/classes/com/entities/UserRepository.class]]
21:01:40.626 [main] DEBUG org.springframework.core.io.support.PathMatchingResourcePatternResolver - Resolved classpath location [com/] to resources [URL [jar:file:/System/Library/Java/Extensions/MRJToolkit.jar!/com/], URL [file:/Users/CrimsonDevil/git/LeftoverReviews/target/test-classes/com/], URL [file:/Users/CrimsonDevil/git/LeftoverReviews/target/classes/com/], URL [jar:file:/Users/CrimsonDevil/.m2/repository/com/zaxxer/HikariCP/2.7.8/HikariCP-2.7.8.jar!/com/], URL [jar:file:/Users/CrimsonDevil/.m2/repository/com/fasterxml/classmate/1.3.4/classmate-1.3.4.jar!/com/], URL [jar:file:/Users/CrimsonDevil/.m2/repository/com/fasterxml/jackson/core/jackson-databind/2.9.4/jackson-databind-2.9.4.jar!/com/], URL [jar:file:/Users/CrimsonDevil/.m2/repository/com/fasterxml/jackson/core/jackson-core/2.9.4/jackson-core-2.9.4.jar!/com/], URL [jar:file:/Users/CrimsonDevil/.m2/repository/com/fasterxml/jackson/datatype/jackson-datatype-jdk8/2.9.4/jackson-datatype-jdk8-2.9.4.jar!/com/], URL [jar:file:/Users/CrimsonDevil/.m2/repository/com/fasterxml/jackson/datatype/jackson-datatype-jsr310/2.9.4/jackson-datatype-jsr310-2.9.4.jar!/com/], URL [jar:file:/Users/CrimsonDevil/.m2/repository/com/fasterxml/jackson/module/jackson-module-parameter-names/2.9.4/jackson-module-parameter-names-2.9.4.jar!/com/], URL [jar:file:/Users/CrimsonDevil/.m2/repository/com/jayway/jsonpath/json-path/2.4.0/json-path-2.4.0.jar!/com/], URL [jar:file:/Users/CrimsonDevil/.m2/repository/com/fasterxml/jackson/core/jackson-annotations/2.9.0/jackson-annotations-2.9.0.jar!/com/]]
21:01:40.629 [main] DEBUG org.springframework.core.io.support.PathMatchingResourcePatternResolver - Looking for matching resources in jar file [file:/System/Library/Java/Extensions/MRJToolkit.jar]
21:01:40.639 [main] DEBUG org.springframework.core.io.support.PathMatchingResourcePatternResolver - Looking for matching resources in directory tree [/Users/CrimsonDevil/git/LeftoverReviews/target/test-classes/com]
21:01:40.652 [main] DEBUG org.springframework.core.io.support.PathMatchingResourcePatternResolver - Searching directory [/Users/CrimsonDevil/git/LeftoverReviews/target/test-classes/com] for files matching pattern [/Users/CrimsonDevil/git/LeftoverReviews/target/test-classes/com/*.class]
21:01:40.671 [main] DEBUG org.springframework.core.io.support.PathMatchingResourcePatternResolver - Looking for matching resources in directory tree [/Users/CrimsonDevil/git/LeftoverReviews/target/classes/com]
21:01:40.674 [main] DEBUG org.springframework.core.io.support.PathMatchingResourcePatternResolver - Searching directory [/Users/CrimsonDevil/git/LeftoverReviews/target/classes/com] for files matching pattern [/Users/CrimsonDevil/git/LeftoverReviews/target/classes/com/*.class]
21:01:40.688 [main] DEBUG org.springframework.core.io.support.PathMatchingResourcePatternResolver - Looking for matching resources in jar file [file:/Users/CrimsonDevil/.m2/repository/com/zaxxer/HikariCP/2.7.8/HikariCP-2.7.8.jar]
21:01:40.692 [main] DEBUG org.springframework.core.io.support.PathMatchingResourcePatternResolver - Looking for matching resources in jar file [file:/Users/CrimsonDevil/.m2/repository/com/fasterxml/classmate/1.3.4/classmate-1.3.4.jar]
21:01:40.720 [main] DEBUG org.springframework.core.io.support.PathMatchingResourcePatternResolver - Looking for matching resources in jar file [file:/Users/CrimsonDevil/.m2/repository/com/fasterxml/jackson/core/jackson-databind/2.9.4/jackson-databind-2.9.4.jar]
21:01:40.829 [main] DEBUG org.springframework.core.io.support.PathMatchingResourcePatternResolver - Looking for matching resources in jar file [file:/Users/CrimsonDevil/.m2/repository/com/fasterxml/jackson/core/jackson-core/2.9.4/jackson-core-2.9.4.jar]
21:01:40.831 [main] DEBUG org.springframework.core.io.support.PathMatchingResourcePatternResolver - Looking for matching resources in jar file [file:/Users/CrimsonDevil/.m2/repository/com/fasterxml/jackson/datatype/jackson-datatype-jdk8/2.9.4/jackson-datatype-jdk8-2.9.4.jar]
21:01:40.840 [main] DEBUG org.springframework.core.io.support.PathMatchingResourcePatternResolver - Looking for matching resources in jar file [file:/Users/CrimsonDevil/.m2/repository/com/fasterxml/jackson/datatype/jackson-datatype-jsr310/2.9.4/jackson-datatype-jsr310-2.9.4.jar]
21:01:40.841 [main] DEBUG org.springframework.core.io.support.PathMatchingResourcePatternResolver - Looking for matching resources in jar file [file:/Users/CrimsonDevil/.m2/repository/com/fasterxml/jackson/module/jackson-module-parameter-names/2.9.4/jackson-module-parameter-names-2.9.4.jar]
21:01:40.846 [main] DEBUG org.springframework.core.io.support.PathMatchingResourcePatternResolver - Looking for matching resources in jar file [file:/Users/CrimsonDevil/.m2/repository/com/jayway/jsonpath/json-path/2.4.0/json-path-2.4.0.jar]
21:01:40.859 [main] DEBUG org.springframework.core.io.support.PathMatchingResourcePatternResolver - Looking for matching resources in jar file [file:/Users/CrimsonDevil/.m2/repository/com/fasterxml/jackson/core/jackson-annotations/2.9.0/jackson-annotations-2.9.0.jar]
21:01:40.860 [main] DEBUG org.springframework.core.io.support.PathMatchingResourcePatternResolver - Resolved location pattern [classpath*:com/*.class] to resources [file [/Users/CrimsonDevil/git/LeftoverReviews/target/classes/com/Application.class]]
21:01:41.055 [main] DEBUG org.springframework.context.annotation.ClassPathScanningCandidateComponentProvider - Identified candidate component class: file [/Users/CrimsonDevil/git/LeftoverReviews/target/classes/com/Application.class]
21:01:41.062 [main] INFO org.springframework.boot.test.context.SpringBootTestContextBootstrapper - Found @SpringBootConfiguration com.Application for test class com.entities.ProductTest
21:01:41.600 [main] DEBUG org.springframework.boot.test.context.SpringBootTestContextBootstrapper - @TestExecutionListeners is not present for class [com.entities.ProductTest]: using defaults.
21:01:41.601 [main] INFO org.springframework.boot.test.context.SpringBootTestContextBootstrapper - Loaded default TestExecutionListener class names from location [META-INF/spring.factories]: [org.springframework.boot.test.mock.mockito.MockitoTestExecutionListener, org.springframework.boot.test.mock.mockito.ResetMocksTestExecutionListener, org.springframework.boot.test.autoconfigure.restdocs.RestDocsTestExecutionListener, org.springframework.boot.test.autoconfigure.web.client.MockRestServiceServerResetTestExecutionListener, org.springframework.boot.test.autoconfigure.web.servlet.MockMvcPrintOnlyOnFailureTestExecutionListener, org.springframework.boot.test.autoconfigure.web.servlet.WebDriverTestExecutionListener, org.springframework.test.context.web.ServletTestExecutionListener, org.springframework.test.context.support.DirtiesContextBeforeModesTestExecutionListener, org.springframework.test.context.support.DependencyInjectionTestExecutionListener, org.springframework.test.context.support.DirtiesContextTestExecutionListener, org.springframework.test.context.transaction.TransactionalTestExecutionListener, org.springframework.test.context.jdbc.SqlScriptsTestExecutionListener]
21:01:41.664 [main] INFO org.springframework.boot.test.context.SpringBootTestContextBootstrapper - Using TestExecutionListeners: [org.springframework.test.context.web.ServletTestExecutionListener@1e800aaa, org.springframework.test.context.support.DirtiesContextBeforeModesTestExecutionListener@185a6e9, org.springframework.boot.test.mock.mockito.MockitoTestExecutionListener@6f03482, org.springframework.boot.test.autoconfigure.SpringBootDependencyInjectionTestExecutionListener@9d5509a, org.springframework.test.context.support.DirtiesContextTestExecutionListener@179ece50, org.springframework.test.context.transaction.TransactionalTestExecutionListener@3b0090a4, org.springframework.test.context.jdbc.SqlScriptsTestExecutionListener@3cd3e762, org.springframework.boot.test.mock.mockito.ResetMocksTestExecutionListener@1fa121e2, org.springframework.boot.test.autoconfigure.restdocs.RestDocsTestExecutionListener@7eac9008, org.springframework.boot.test.autoconfigure.web.client.MockRestServiceServerResetTestExecutionListener@4116aac9, org.springframework.boot.test.autoconfigure.web.servlet.MockMvcPrintOnlyOnFailureTestExecutionListener@62ddbd7e, org.springframework.boot.test.autoconfigure.web.servlet.WebDriverTestExecutionListener@74e52ef6]
21:01:41.669 [main] DEBUG org.springframework.test.annotation.ProfileValueUtils - Retrieved @ProfileValueSourceConfiguration [null] for test class [com.entities.ProductTest]
21:01:41.669 [main] DEBUG org.springframework.test.annotation.ProfileValueUtils - Retrieved ProfileValueSource type [class org.springframework.test.annotation.SystemProfileValueSource] for class [com.entities.ProductTest]
21:01:41.670 [main] DEBUG org.springframework.test.annotation.ProfileValueUtils - Retrieved @ProfileValueSourceConfiguration [null] for test class [com.entities.ProductTest]
21:01:41.670 [main] DEBUG org.springframework.test.annotation.ProfileValueUtils - Retrieved ProfileValueSource type [class org.springframework.test.annotation.SystemProfileValueSource] for class [com.entities.ProductTest]
21:01:41.671 [main] DEBUG org.springframework.test.annotation.ProfileValueUtils - Retrieved @ProfileValueSourceConfiguration [null] for test class [com.entities.ProductTest]
21:01:41.672 [main] DEBUG org.springframework.test.annotation.ProfileValueUtils - Retrieved ProfileValueSource type [class org.springframework.test.annotation.SystemProfileValueSource] for class [com.entities.ProductTest]
21:01:41.679 [main] DEBUG org.springframework.test.context.support.AbstractDirtiesContextTestExecutionListener - Before test class: context [DefaultTestContext@3a52dba3 testClass = ProductTest, testInstance = [null], testMethod = [null], testException = [null], mergedContextConfiguration = [WebMergedContextConfiguration@2a5c8d3f testClass = ProductTest, locations = '{}', classes = '{class com.Application}', contextInitializerClasses = '[]', activeProfiles = '{}', propertySourceLocations = '{}', propertySourceProperties = '{org.springframework.boot.test.context.SpringBootTestContextBootstrapper=true}', contextCustomizers = set[org.springframework.boot.test.context.filter.ExcludeFilterContextCustomizer@2de8284b, org.springframework.boot.test.json.DuplicateJsonObjectContextCustomizerFactory$DuplicateJsonObjectContextCustomizer@12c8a2c0, org.springframework.boot.test.mock.mockito.MockitoContextCustomizer@0, org.springframework.boot.test.web.client.TestRestTemplateContextCustomizer@646007f4, org.springframework.boot.test.autoconfigure.properties.PropertyMappingContextCustomizer@0, org.springframework.boot.test.autoconfigure.web.servlet.WebDriverContextCustomizerFactory$Customizer@17211155], resourceBasePath = 'src/main/webapp', contextLoader = 'org.springframework.boot.test.context.SpringBootContextLoader', parent = [null]], attributes = map['org.springframework.test.context.web.ServletTestExecutionListener.activateListener' -> true]], class annotated with @DirtiesContext [false] with mode [null].
21:01:41.681 [main] DEBUG org.springframework.test.annotation.ProfileValueUtils - Retrieved @ProfileValueSourceConfiguration [null] for test class [com.entities.ProductTest]
21:01:41.681 [main] DEBUG org.springframework.test.annotation.ProfileValueUtils - Retrieved ProfileValueSource type [class org.springframework.test.annotation.SystemProfileValueSource] for class [com.entities.ProductTest]
21:01:41.747 [main] DEBUG org.springframework.core.env.StandardEnvironment - Adding PropertySource 'systemProperties' with lowest search precedence
21:01:41.748 [main] DEBUG org.springframework.core.env.StandardEnvironment - Adding PropertySource 'systemEnvironment' with lowest search precedence
21:01:41.749 [main] DEBUG org.springframework.core.env.StandardEnvironment - Initialized StandardEnvironment with PropertySources [MapPropertySource@954702563 {name='systemProperties', properties={idea.version=2017.3.5, java.runtime.name=Java(TM) SE Runtime Environment, sun.boot.library.path=/Library/Java/JavaVirtualMachines/jdk1.8.0_101.jdk/Contents/Home/jre/lib, java.vm.version=25.101-b13, gopherProxySet=false, java.vm.vendor=Oracle Corporation, java.vendor.url=http://java.oracle.com/, path.separator=:, java.vm.name=Java HotSpot(TM) 64-Bit Server VM, file.encoding.pkg=sun.io, user.country=US, sun.java.launcher=SUN_STANDARD, sun.os.patch.level=unknown, java.vm.specification.name=Java Virtual Machine Specification, user.dir=/Users/CrimsonDevil/git/LeftoverReviews, java.runtime.version=1.8.0_101-b13, basedir=/Users/CrimsonDevil/git/LeftoverReviews, java.awt.graphicsenv=sun.awt.CGraphicsEnvironment, java.endorsed.dirs=/Library/Java/JavaVirtualMachines/jdk1.8.0_101.jdk/Contents/Home/jre/lib/endorsed, os.arch=x86_64, surefire.real.class.path=/Users/CrimsonDevil/git/LeftoverReviews/target/surefire/surefirebooter1944300343629469837.jar, java.io.tmpdir=/var/folders/s5/2244knyj4fvb72ds80jmj5vm0000gn/T/, line.separator=
, java.vm.specification.vendor=Oracle Corporation, os.name=Mac OS X, sun.jnu.encoding=UTF-8, java.library.path=/Users/CrimsonDevil/Library/Java/Extensions:/Library/Java/Extensions:/Network/Library/Java/Extensions:/System/Library/Java/Extensions:/usr/lib/java:., surefire.test.class.path=/Users/CrimsonDevil/git/LeftoverReviews/target/test-classes:/Users/CrimsonDevil/git/LeftoverReviews/target/classes:/Users/CrimsonDevil/.m2/repository/org/springframework/boot/spring-boot-starter-data-jpa/2.0.0.RELEASE/spring-boot-starter-data-jpa-2.0.0.RELEASE.jar:/Users/CrimsonDevil/.m2/repository/org/springframework/boot/spring-boot-starter/2.0.0.RELEASE/spring-boot-starter-2.0.0.RELEASE.jar:/Users/CrimsonDevil/.m2/repository/org/springframework/boot/spring-boot-starter-logging/2.0.0.RELEASE/spring-boot-starter-logging-2.0.0.RELEASE.jar:/Users/CrimsonDevil/.m2/repository/ch/qos/logback/logback-classic/1.2.3/logback-classic-1.2.3.jar:/Users/CrimsonDevil/.m2/repository/ch/qos/logback/logback-core/1.2.3/logback-core-1.2.3.jar:/Users/CrimsonDevil/.m2/repository/org/apache/logging/log4j/log4j-to-slf4j/2.10.0/log4j-to-slf4j-2.10.0.jar:/Users/CrimsonDevil/.m2/repository/org/apache/logging/log4j/log4j-api/2.10.0/log4j-api-2.10.0.jar:/Users/CrimsonDevil/.m2/repository/org/slf4j/jul-to-slf4j/1.7.25/jul-to-slf4j-1.7.25.jar:/Users/CrimsonDevil/.m2/repository/javax/annotation/javax.annotation-api/1.3.2/javax.annotation-api-1.3.2.jar:/Users/CrimsonDevil/.m2/repository/org/yaml/snakeyaml/1.19/snakeyaml-1.19.jar:/Users/CrimsonDevil/.m2/repository/org/springframework/boot/spring-boot-starter-aop/2.0.0.RELEASE/spring-boot-starter-aop-2.0.0.RELEASE.jar:/Users/CrimsonDevil/.m2/repository/org/springframework/spring-aop/5.0.4.RELEASE/spring-aop-5.0.4.RELEASE.jar:/Users/CrimsonDevil/.m2/repository/org/aspectj/aspectjweaver/1.8.13/aspectjweaver-1.8.13.jar:/Users/CrimsonDevil/.m2/repository/org/springframework/boot/spring-boot-starter-jdbc/2.0.0.RELEASE/spring-boot-starter-jdbc-2.0.0.RELEASE.jar:/Users/CrimsonDevil/.m2/repository/com/zaxxer/HikariCP/2.7.8/HikariCP-2.7.8.jar:/Users/CrimsonDevil/.m2/repository/org/springframework/spring-jdbc/5.0.4.RELEASE/spring-jdbc-5.0.4.RELEASE.jar:/Users/CrimsonDevil/.m2/repository/org/hibernate/hibernate-core/5.2.14.Final/hibernate-core-5.2.14.Final.jar:/Users/CrimsonDevil/.m2/repository/org/jboss/logging/jboss-logging/3.3.2.Final/jboss-logging-3.3.2.Final.jar:/Users/CrimsonDevil/.m2/repository/org/hibernate/javax/persistence/hibernate-jpa-2.1-api/1.0.0.Final/hibernate-jpa-2.1-api-1.0.0.Final.jar:/Users/CrimsonDevil/.m2/repository/org/javassist/javassist/3.22.0-GA/javassist-3.22.0-GA.jar:/Users/CrimsonDevil/.m2/repository/antlr/antlr/2.7.7/antlr-2.7.7.jar:/Users/CrimsonDevil/.m2/repository/org/jboss/jandex/2.0.3.Final/jandex-2.0.3.Final.jar:/Users/CrimsonDevil/.m2/repository/com/fasterxml/classmate/1.3.4/classmate-1.3.4.jar:/Users/CrimsonDevil/.m2/repository/dom4j/dom4j/1.6.1/dom4j-1.6.1.jar:/Users/CrimsonDevil/.m2/repository/org/hibernate/common/hibernate-commons-annotations/5.0.1.Final/hibernate-commons-annotations-5.0.1.Final.jar:/Users/CrimsonDevil/.m2/repository/javax/transaction/javax.transaction-api/1.2/javax.transaction-api-1.2.jar:/Users/CrimsonDevil/.m2/repository/org/springframework/data/spring-data-jpa/2.0.5.RELEASE/spring-data-jpa-2.0.5.RELEASE.jar:/Users/CrimsonDevil/.m2/repository/org/springframework/data/spring-data-commons/2.0.5.RELEASE/spring-data-commons-2.0.5.RELEASE.jar:/Users/CrimsonDevil/.m2/repository/org/springframework/spring-orm/5.0.4.RELEASE/spring-orm-5.0.4.RELEASE.jar:/Users/CrimsonDevil/.m2/repository/org/springframework/spring-context/5.0.4.RELEASE/spring-context-5.0.4.RELEASE.jar:/Users/CrimsonDevil/.m2/repository/org/springframework/spring-tx/5.0.4.RELEASE/spring-tx-5.0.4.RELEASE.jar:/Users/CrimsonDevil/.m2/repository/org/springframework/spring-beans/5.0.4.RELEASE/spring-beans-5.0.4.RELEASE.jar:/Users/CrimsonDevil/.m2/repository/org/slf4j/slf4j-api/1.7.25/slf4j-api-1.7.25.jar:/Users/CrimsonDevil/.m2/repository/org/springframework/spring-aspects/5.0.4.RELEASE/spring-aspects-5.0.4.RELEASE.jar:/Users/CrimsonDevil/.m2/repository/org/springframework/boot/spring-boot-starter-web/2.0.0.RELEASE/spring-boot-starter-web-2.0.0.RELEASE.jar:/Users/CrimsonDevil/.m2/repository/org/springframework/boot/spring-boot-starter-json/2.0.0.RELEASE/spring-boot-starter-json-2.0.0.RELEASE.jar:/Users/CrimsonDevil/.m2/repository/com/fasterxml/jackson/core/jackson-databind/2.9.4/jackson-databind-2.9.4.jar:/Users/CrimsonDevil/.m2/repository/com/fasterxml/jackson/core/jackson-core/2.9.4/jackson-core-2.9.4.jar:/Users/CrimsonDevil/.m2/repository/com/fasterxml/jackson/datatype/jackson-datatype-jdk8/2.9.4/jackson-datatype-jdk8-2.9.4.jar:/Users/CrimsonDevil/.m2/repository/com/fasterxml/jackson/datatype/jackson-datatype-jsr310/2.9.4/jackson-datatype-jsr310-2.9.4.jar:/Users/CrimsonDevil/.m2/repository/com/fasterxml/jackson/module/jackson-module-parameter-names/2.9.4/jackson-module-parameter-names-2.9.4.jar:/Users/CrimsonDevil/.m2/repository/org/springframework/boot/spring-boot-starter-tomcat/2.0.0.RELEASE/spring-boot-starter-tomcat-2.0.0.RELEASE.jar:/Users/CrimsonDevil/.m2/repository/org/apache/tomcat/embed/tomcat-embed-core/8.5.28/tomcat-embed-core-8.5.28.jar:/Users/CrimsonDevil/.m2/repository/org/apache/tomcat/embed/tomcat-embed-el/8.5.28/tomcat-embed-el-8.5.28.jar:/Users/CrimsonDevil/.m2/repository/org/apache/tomcat/embed/tomcat-embed-websocket/8.5.28/tomcat-embed-websocket-8.5.28.jar:/Users/CrimsonDevil/.m2/repository/org/hibernate/validator/hibernate-validator/6.0.7.Final/hibernate-validator-6.0.7.Final.jar:/Users/CrimsonDevil/.m2/repository/javax/validation/validation-api/2.0.1.Final/validation-api-2.0.1.Final.jar:/Users/CrimsonDevil/.m2/repository/org/springframework/spring-web/5.0.4.RELEASE/spring-web-5.0.4.RELEASE.jar:/Users/CrimsonDevil/.m2/repository/org/springframework/spring-webmvc/5.0.4.RELEASE/spring-webmvc-5.0.4.RELEASE.jar:/Users/CrimsonDevil/.m2/repository/org/springframework/spring-expression/5.0.4.RELEASE/spring-expression-5.0.4.RELEASE.jar:/Users/CrimsonDevil/.m2/repository/org/springframework/boot/spring-boot-starter-test/2.0.0.RELEASE/spring-boot-starter-test-2.0.0.RELEASE.jar:/Users/CrimsonDevil/.m2/repository/org/springframework/boot/spring-boot-test/2.0.0.RELEASE/spring-boot-test-2.0.0.RELEASE.jar:/Users/CrimsonDevil/.m2/repository/org/springframework/boot/spring-boot-test-autoconfigure/2.0.0.RELEASE/spring-boot-test-autoconfigure-2.0.0.RELEASE.jar:/Users/CrimsonDevil/.m2/repository/com/jayway/jsonpath/json-path/2.4.0/json-path-2.4.0.jar:/Users/CrimsonDevil/.m2/repository/net/minidev/json-smart/2.3/json-smart-2.3.jar:/Users/CrimsonDevil/.m2/repository/net/minidev/accessors-smart/1.2/accessors-smart-1.2.jar:/Users/CrimsonDevil/.m2/repository/org/ow2/asm/asm/5.0.4/asm-5.0.4.jar:/Users/CrimsonDevil/.m2/repository/junit/junit/4.12/junit-4.12.jar:/Users/CrimsonDevil/.m2/repository/org/assertj/assertj-core/3.9.1/assertj-core-3.9.1.jar:/Users/CrimsonDevil/.m2/repository/org/mockito/mockito-core/2.15.0/mockito-core-2.15.0.jar:/Users/CrimsonDevil/.m2/repository/net/bytebuddy/byte-buddy/1.7.10/byte-buddy-1.7.10.jar:/Users/CrimsonDevil/.m2/repository/net/bytebuddy/byte-buddy-agent/1.7.10/byte-buddy-agent-1.7.10.jar:/Users/CrimsonDevil/.m2/repository/org/objenesis/objenesis/2.6/objenesis-2.6.jar:/Users/CrimsonDevil/.m2/repository/org/hamcrest/hamcrest-core/1.3/hamcrest-core-1.3.jar:/Users/CrimsonDevil/.m2/repository/org/hamcrest/hamcrest-library/1.3/hamcrest-library-1.3.jar:/Users/CrimsonDevil/.m2/repository/org/skyscreamer/jsonassert/1.5.0/jsonassert-1.5.0.jar:/Users/CrimsonDevil/.m2/repository/com/vaadin/external/google/android-json/0.0.20131108.vaadin1/android-json-0.0.20131108.vaadin1.jar:/Users/CrimsonDevil/.m2/repository/org/springframework/spring-core/5.0.4.RELEASE/spring-core-5.0.4.RELEASE.jar:/Users/CrimsonDevil/.m2/repository/org/springframework/spring-jcl/5.0.4.RELEASE/spring-jcl-5.0.4.RELEASE.jar:/Users/CrimsonDevil/.m2/repository/org/springframework/spring-test/5.0.4.RELEASE/spring-test-5.0.4.RELEASE.jar:/Users/CrimsonDevil/.m2/repository/org/xmlunit/xmlunit-core/2.5.1/xmlunit-core-2.5.1.jar:/Users/CrimsonDevil/.m2/repository/org/springframework/boot/spring-boot-starter-data-rest/2.0.0.RELEASE/spring-boot-starter-data-rest-2.0.0.RELEASE.jar:/Users/CrimsonDevil/.m2/repository/org/springframework/data/spring-data-rest-webmvc/3.0.5.RELEASE/spring-data-rest-webmvc-3.0.5.RELEASE.jar:/Users/CrimsonDevil/.m2/repository/org/springframework/data/spring-data-rest-core/3.0.5.RELEASE/spring-data-rest-core-3.0.5.RELEASE.jar:/Users/CrimsonDevil/.m2/repository/org/springframework/hateoas/spring-hateoas/0.24.0.RELEASE/spring-hateoas-0.24.0.RELEASE.jar:/Users/CrimsonDevil/.m2/repository/org/springframework/plugin/spring-plugin-core/1.2.0.RELEASE/spring-plugin-core-1.2.0.RELEASE.jar:/Users/CrimsonDevil/.m2/repository/org/atteo/evo-inflector/1.2.2/evo-inflector-1.2.2.jar:/Users/CrimsonDevil/.m2/repository/com/fasterxml/jackson/core/jackson-annotations/2.9.0/jackson-annotations-2.9.0.jar:/Users/CrimsonDevil/.m2/repository/com/h2database/h2/1.4.196/h2-1.4.196.jar:/Users/CrimsonDevil/.m2/repository/org/springframework/boot/spring-boot-starter-thymeleaf/2.0.0.RELEASE/spring-boot-starter-thymeleaf-2.0.0.RELEASE.jar:/Users/CrimsonDevil/.m2/repository/org/thymeleaf/thymeleaf-spring5/3.0.9.RELEASE/thymeleaf-spring5-3.0.9.RELEASE.jar:/Users/CrimsonDevil/.m2/repository/org/thymeleaf/thymeleaf/3.0.9.RELEASE/thymeleaf-3.0.9.RELEASE.jar:/Users/CrimsonDevil/.m2/repository/org/attoparser/attoparser/2.0.4.RELEASE/attoparser-2.0.4.RELEASE.jar:/Users/CrimsonDevil/.m2/repository/org/unbescape/unbescape/1.1.5.RELEASE/unbescape-1.1.5.RELEASE.jar:/Users/CrimsonDevil/.m2/repository/org/thymeleaf/extras/thymeleaf-extras-java8time/3.0.1.RELEASE/thymeleaf-extras-java8time-3.0.1.RELEASE.jar:/Users/CrimsonDevil/.m2/repository/org/springframework/boot/spring-boot-devtools/2.0.0.RELEASE/spring-boot-devtools-2.0.0.RELEASE.jar:/Users/CrimsonDevil/.m2/repository/org/springframework/boot/spring-boot/2.0.0.RELEASE/spring-boot-2.0.0.RELEASE.jar:/Users/CrimsonDevil/.m2/repository/org/springframework/boot/spring-boot-autoconfigure/2.0.0.RELEASE/spring-boot-autoconfigure-2.0.0.RELEASE.jar:/Users/CrimsonDevil/.m2/repository/org/eclipse/persistence/javax.persistence/2.1.0/javax.persistence-2.1.0.jar:/Users/CrimsonDevil/.m2/repository/org/junit/jupiter/junit-jupiter-api/5.1.0/junit-jupiter-api-5.1.0.jar:/Users/CrimsonDevil/.m2/repository/org/apiguardian/apiguardian-api/1.0.0/apiguardian-api-1.0.0.jar:/Users/CrimsonDevil/.m2/repository/org/opentest4j/opentest4j/1.0.0/opentest4j-1.0.0.jar:/Users/CrimsonDevil/.m2/repository/org/junit/platform/junit-platform-commons/1.1.0/junit-platform-commons-1.1.0.jar:, java.specification.name=Java Platform API Specification, java.class.version=52.0, sun.management.compiler=HotSpot 64-Bit Tiered Compilers, os.version=10.13.3, http.nonProxyHosts=local|*.local|169.254/16|*.169.254/16, user.home=/Users/CrimsonDevil, user.timezone=America/Toronto, java.awt.printerjob=sun.lwawt.macosx.CPrinterJob, file.encoding=UTF-8, java.specification.version=1.8, java.class.path=/Users/CrimsonDevil/git/LeftoverReviews/target/test-classes:/Users/CrimsonDevil/git/LeftoverReviews/target/classes:/Users/CrimsonDevil/.m2/repository/org/springframework/boot/spring-boot-starter-data-jpa/2.0.0.RELEASE/spring-boot-starter-data-jpa-2.0.0.RELEASE.jar:/Users/CrimsonDevil/.m2/repository/org/springframework/boot/spring-boot-starter/2.0.0.RELEASE/spring-boot-starter-2.0.0.RELEASE.jar:/Users/CrimsonDevil/.m2/repository/org/springframework/boot/spring-boot-starter-logging/2.0.0.RELEASE/spring-boot-starter-logging-2.0.0.RELEASE.jar:/Users/CrimsonDevil/.m2/repository/ch/qos/logback/logback-classic/1.2.3/logback-classic-1.2.3.jar:/Users/CrimsonDevil/.m2/repository/ch/qos/logback/logback-core/1.2.3/logback-core-1.2.3.jar:/Users/CrimsonDevil/.m2/repository/org/apache/logging/log4j/log4j-to-slf4j/2.10.0/log4j-to-slf4j-2.10.0.jar:/Users/CrimsonDevil/.m2/repository/org/apache/logging/log4j/log4j-api/2.10.0/log4j-api-2.10.0.jar:/Users/CrimsonDevil/.m2/repository/org/slf4j/jul-to-slf4j/1.7.25/jul-to-slf4j-1.7.25.jar:/Users/CrimsonDevil/.m2/repository/javax/annotation/javax.annotation-api/1.3.2/javax.annotation-api-1.3.2.jar:/Users/CrimsonDevil/.m2/repository/org/yaml/snakeyaml/1.19/snakeyaml-1.19.jar:/Users/CrimsonDevil/.m2/repository/org/springframework/boot/spring-boot-starter-aop/2.0.0.RELEASE/spring-boot-starter-aop-2.0.0.RELEASE.jar:/Users/CrimsonDevil/.m2/repository/org/springframework/spring-aop/5.0.4.RELEASE/spring-aop-5.0.4.RELEASE.jar:/Users/CrimsonDevil/.m2/repository/org/aspectj/aspectjweaver/1.8.13/aspectjweaver-1.8.13.jar:/Users/CrimsonDevil/.m2/repository/org/springframework/boot/spring-boot-starter-jdbc/2.0.0.RELEASE/spring-boot-starter-jdbc-2.0.0.RELEASE.jar:/Users/CrimsonDevil/.m2/repository/com/zaxxer/HikariCP/2.7.8/HikariCP-2.7.8.jar:/Users/CrimsonDevil/.m2/repository/org/springframework/spring-jdbc/5.0.4.RELEASE/spring-jdbc-5.0.4.RELEASE.jar:/Users/CrimsonDevil/.m2/repository/org/hibernate/hibernate-core/5.2.14.Final/hibernate-core-5.2.14.Final.jar:/Users/CrimsonDevil/.m2/repository/org/jboss/logging/jboss-logging/3.3.2.Final/jboss-logging-3.3.2.Final.jar:/Users/CrimsonDevil/.m2/repository/org/hibernate/javax/persistence/hibernate-jpa-2.1-api/1.0.0.Final/hibernate-jpa-2.1-api-1.0.0.Final.jar:/Users/CrimsonDevil/.m2/repository/org/javassist/javassist/3.22.0-GA/javassist-3.22.0-GA.jar:/Users/CrimsonDevil/.m2/repository/antlr/antlr/2.7.7/antlr-2.7.7.jar:/Users/CrimsonDevil/.m2/repository/org/jboss/jandex/2.0.3.Final/jandex-2.0.3.Final.jar:/Users/CrimsonDevil/.m2/repository/com/fasterxml/classmate/1.3.4/classmate-1.3.4.jar:/Users/CrimsonDevil/.m2/repository/dom4j/dom4j/1.6.1/dom4j-1.6.1.jar:/Users/CrimsonDevil/.m2/repository/org/hibernate/common/hibernate-commons-annotations/5.0.1.Final/hibernate-commons-annotations-5.0.1.Final.jar:/Users/CrimsonDevil/.m2/repository/javax/transaction/javax.transaction-api/1.2/javax.transaction-api-1.2.jar:/Users/CrimsonDevil/.m2/repository/org/springframework/data/spring-data-jpa/2.0.5.RELEASE/spring-data-jpa-2.0.5.RELEASE.jar:/Users/CrimsonDevil/.m2/repository/org/springframework/data/spring-data-commons/2.0.5.RELEASE/spring-data-commons-2.0.5.RELEASE.jar:/Users/CrimsonDevil/.m2/repository/org/springframework/spring-orm/5.0.4.RELEASE/spring-orm-5.0.4.RELEASE.jar:/Users/CrimsonDevil/.m2/repository/org/springframework/spring-context/5.0.4.RELEASE/spring-context-5.0.4.RELEASE.jar:/Users/CrimsonDevil/.m2/repository/org/springframework/spring-tx/5.0.4.RELEASE/spring-tx-5.0.4.RELEASE.jar:/Users/CrimsonDevil/.m2/repository/org/springframework/spring-beans/5.0.4.RELEASE/spring-beans-5.0.4.RELEASE.jar:/Users/CrimsonDevil/.m2/repository/org/slf4j/slf4j-api/1.7.25/slf4j-api-1.7.25.jar:/Users/CrimsonDevil/.m2/repository/org/springframework/spring-aspects/5.0.4.RELEASE/spring-aspects-5.0.4.RELEASE.jar:/Users/CrimsonDevil/.m2/repository/org/springframework/boot/spring-boot-starter-web/2.0.0.RELEASE/spring-boot-starter-web-2.0.0.RELEASE.jar:/Users/CrimsonDevil/.m2/repository/org/springframework/boot/spring-boot-starter-json/2.0.0.RELEASE/spring-boot-starter-json-2.0.0.RELEASE.jar:/Users/CrimsonDevil/.m2/repository/com/fasterxml/jackson/core/jackson-databind/2.9.4/jackson-databind-2.9.4.jar:/Users/CrimsonDevil/.m2/repository/com/fasterxml/jackson/core/jackson-core/2.9.4/jackson-core-2.9.4.jar:/Users/CrimsonDevil/.m2/repository/com/fasterxml/jackson/datatype/jackson-datatype-jdk8/2.9.4/jackson-datatype-jdk8-2.9.4.jar:/Users/CrimsonDevil/.m2/repository/com/fasterxml/jackson/datatype/jackson-datatype-jsr310/2.9.4/jackson-datatype-jsr310-2.9.4.jar:/Users/CrimsonDevil/.m2/repository/com/fasterxml/jackson/module/jackson-module-parameter-names/2.9.4/jackson-module-parameter-names-2.9.4.jar:/Users/CrimsonDevil/.m2/repository/org/springframework/boot/spring-boot-starter-tomcat/2.0.0.RELEASE/spring-boot-starter-tomcat-2.0.0.RELEASE.jar:/Users/CrimsonDevil/.m2/repository/org/apache/tomcat/embed/tomcat-embed-core/8.5.28/tomcat-embed-core-8.5.28.jar:/Users/CrimsonDevil/.m2/repository/org/apache/tomcat/embed/tomcat-embed-el/8.5.28/tomcat-embed-el-8.5.28.jar:/Users/CrimsonDevil/.m2/repository/org/apache/tomcat/embed/tomcat-embed-websocket/8.5.28/tomcat-embed-websocket-8.5.28.jar:/Users/CrimsonDevil/.m2/repository/org/hibernate/validator/hibernate-validator/6.0.7.Final/hibernate-validator-6.0.7.Final.jar:/Users/CrimsonDevil/.m2/repository/javax/validation/validation-api/2.0.1.Final/validation-api-2.0.1.Final.jar:/Users/CrimsonDevil/.m2/repository/org/springframework/spring-web/5.0.4.RELEASE/spring-web-5.0.4.RELEASE.jar:/Users/CrimsonDevil/.m2/repository/org/springframework/spring-webmvc/5.0.4.RELEASE/spring-webmvc-5.0.4.RELEASE.jar:/Users/CrimsonDevil/.m2/repository/org/springframework/spring-expression/5.0.4.RELEASE/spring-expression-5.0.4.RELEASE.jar:/Users/CrimsonDevil/.m2/repository/org/springframework/boot/spring-boot-starter-test/2.0.0.RELEASE/spring-boot-starter-test-2.0.0.RELEASE.jar:/Users/CrimsonDevil/.m2/repository/org/springframework/boot/spring-boot-test/2.0.0.RELEASE/spring-boot-test-2.0.0.RELEASE.jar:/Users/CrimsonDevil/.m2/repository/org/springframework/boot/spring-boot-test-autoconfigure/2.0.0.RELEASE/spring-boot-test-autoconfigure-2.0.0.RELEASE.jar:/Users/CrimsonDevil/.m2/repository/com/jayway/jsonpath/json-path/2.4.0/json-path-2.4.0.jar:/Users/CrimsonDevil/.m2/repository/net/minidev/json-smart/2.3/json-smart-2.3.jar:/Users/CrimsonDevil/.m2/repository/net/minidev/accessors-smart/1.2/accessors-smart-1.2.jar:/Users/CrimsonDevil/.m2/repository/org/ow2/asm/asm/5.0.4/asm-5.0.4.jar:/Users/CrimsonDevil/.m2/repository/junit/junit/4.12/junit-4.12.jar:/Users/CrimsonDevil/.m2/repository/org/assertj/assertj-core/3.9.1/assertj-core-3.9.1.jar:/Users/CrimsonDevil/.m2/repository/org/mockito/mockito-core/2.15.0/mockito-core-2.15.0.jar:/Users/CrimsonDevil/.m2/repository/net/bytebuddy/byte-buddy/1.7.10/byte-buddy-1.7.10.jar:/Users/CrimsonDevil/.m2/repository/net/bytebuddy/byte-buddy-agent/1.7.10/byte-buddy-agent-1.7.10.jar:/Users/CrimsonDevil/.m2/repository/org/objenesis/objenesis/2.6/objenesis-2.6.jar:/Users/CrimsonDevil/.m2/repository/org/hamcrest/hamcrest-core/1.3/hamcrest-core-1.3.jar:/Users/CrimsonDevil/.m2/repository/org/hamcrest/hamcrest-library/1.3/hamcrest-library-1.3.jar:/Users/CrimsonDevil/.m2/repository/org/skyscreamer/jsonassert/1.5.0/jsonassert-1.5.0.jar:/Users/CrimsonDevil/.m2/repository/com/vaadin/external/google/android-json/0.0.20131108.vaadin1/android-json-0.0.20131108.vaadin1.jar:/Users/CrimsonDevil/.m2/repository/org/springframework/spring-core/5.0.4.RELEASE/spring-core-5.0.4.RELEASE.jar:/Users/CrimsonDevil/.m2/repository/org/springframework/spring-jcl/5.0.4.RELEASE/spring-jcl-5.0.4.RELEASE.jar:/Users/CrimsonDevil/.m2/repository/org/springframework/spring-test/5.0.4.RELEASE/spring-test-5.0.4.RELEASE.jar:/Users/CrimsonDevil/.m2/repository/org/xmlunit/xmlunit-core/2.5.1/xmlunit-core-2.5.1.jar:/Users/CrimsonDevil/.m2/repository/org/springframework/boot/spring-boot-starter-data-rest/2.0.0.RELEASE/spring-boot-starter-data-rest-2.0.0.RELEASE.jar:/Users/CrimsonDevil/.m2/repository/org/springframework/data/spring-data-rest-webmvc/3.0.5.RELEASE/spring-data-rest-webmvc-3.0.5.RELEASE.jar:/Users/CrimsonDevil/.m2/repository/org/springframework/data/spring-data-rest-core/3.0.5.RELEASE/spring-data-rest-core-3.0.5.RELEASE.jar:/Users/CrimsonDevil/.m2/repository/org/springframework/hateoas/spring-hateoas/0.24.0.RELEASE/spring-hateoas-0.24.0.RELEASE.jar:/Users/CrimsonDevil/.m2/repository/org/springframework/plugin/spring-plugin-core/1.2.0.RELEASE/spring-plugin-core-1.2.0.RELEASE.jar:/Users/CrimsonDevil/.m2/repository/org/atteo/evo-inflector/1.2.2/evo-inflector-1.2.2.jar:/Users/CrimsonDevil/.m2/repository/com/fasterxml/jackson/core/jackson-annotations/2.9.0/jackson-annotations-2.9.0.jar:/Users/CrimsonDevil/.m2/repository/com/h2database/h2/1.4.196/h2-1.4.196.jar:/Users/CrimsonDevil/.m2/repository/org/springframework/boot/spring-boot-starter-thymeleaf/2.0.0.RELEASE/spring-boot-starter-thymeleaf-2.0.0.RELEASE.jar:/Users/CrimsonDevil/.m2/repository/org/thymeleaf/thymeleaf-spring5/3.0.9.RELEASE/thymeleaf-spring5-3.0.9.RELEASE.jar:/Users/CrimsonDevil/.m2/repository/org/thymeleaf/thymeleaf/3.0.9.RELEASE/thymeleaf-3.0.9.RELEASE.jar:/Users/CrimsonDevil/.m2/repository/org/attoparser/attoparser/2.0.4.RELEASE/attoparser-2.0.4.RELEASE.jar:/Users/CrimsonDevil/.m2/repository/org/unbescape/unbescape/1.1.5.RELEASE/unbescape-1.1.5.RELEASE.jar:/Users/CrimsonDevil/.m2/repository/org/thymeleaf/extras/thymeleaf-extras-java8time/3.0.1.RELEASE/thymeleaf-extras-java8time-3.0.1.RELEASE.jar:/Users/CrimsonDevil/.m2/repository/org/springframework/boot/spring-boot-devtools/2.0.0.RELEASE/spring-boot-devtools-2.0.0.RELEASE.jar:/Users/CrimsonDevil/.m2/repository/org/springframework/boot/spring-boot/2.0.0.RELEASE/spring-boot-2.0.0.RELEASE.jar:/Users/CrimsonDevil/.m2/repository/org/springframework/boot/spring-boot-autoconfigure/2.0.0.RELEASE/spring-boot-autoconfigure-2.0.0.RELEASE.jar:/Users/CrimsonDevil/.m2/repository/org/eclipse/persistence/javax.persistence/2.1.0/javax.persistence-2.1.0.jar:/Users/CrimsonDevil/.m2/repository/org/junit/jupiter/junit-jupiter-api/5.1.0/junit-jupiter-api-5.1.0.jar:/Users/CrimsonDevil/.m2/repository/org/apiguardian/apiguardian-api/1.0.0/apiguardian-api-1.0.0.jar:/Users/CrimsonDevil/.m2/repository/org/opentest4j/opentest4j/1.0.0/opentest4j-1.0.0.jar:/Users/CrimsonDevil/.m2/repository/org/junit/platform/junit-platform-commons/1.1.0/junit-platform-commons-1.1.0.jar:, user.name=CrimsonDevil, java.vm.specification.version=1.8, sun.java.command=/Users/CrimsonDevil/git/LeftoverReviews/target/surefire/surefirebooter1944300343629469837.jar /Users/CrimsonDevil/git/LeftoverReviews/target/surefire 2018-04-04T21-01-36_674-jvmRun1 surefire7264115571306921604tmp surefire_09186740943524564806tmp, java.home=/Library/Java/JavaVirtualMachines/jdk1.8.0_101.jdk/Contents/Home/jre, sun.arch.data.model=64, user.language=en, java.specification.vendor=Oracle Corporation, awt.toolkit=sun.lwawt.macosx.LWCToolkit, java.vm.info=mixed mode, java.version=1.8.0_101, java.ext.dirs=/Users/CrimsonDevil/Library/Java/Extensions:/Library/Java/JavaVirtualMachines/jdk1.8.0_101.jdk/Contents/Home/jre/lib/ext:/Library/Java/Extensions:/Network/Library/Java/Extensions:/System/Library/Java/Extensions:/usr/lib/java, sun.boot.class.path=/Library/Java/JavaVirtualMachines/jdk1.8.0_101.jdk/Contents/Home/jre/lib/resources.jar:/Library/Java/JavaVirtualMachines/jdk1.8.0_101.jdk/Contents/Home/jre/lib/rt.jar:/Library/Java/JavaVirtualMachines/jdk1.8.0_101.jdk/Contents/Home/jre/lib/sunrsasign.jar:/Library/Java/JavaVirtualMachines/jdk1.8.0_101.jdk/Contents/Home/jre/lib/jsse.jar:/Library/Java/JavaVirtualMachines/jdk1.8.0_101.jdk/Contents/Home/jre/lib/jce.jar:/Library/Java/JavaVirtualMachines/jdk1.8.0_101.jdk/Contents/Home/jre/lib/charsets.jar:/Library/Java/JavaVirtualMachines/jdk1.8.0_101.jdk/Contents/Home/jre/lib/jfr.jar:/Library/Java/JavaVirtualMachines/jdk1.8.0_101.jdk/Contents/Home/jre/classes, java.vendor=Oracle Corporation, localRepository=/Users/CrimsonDevil/.m2/repository, file.separator=/, java.vendor.url.bug=http://bugreport.sun.com/bugreport/, sun.io.unicode.encoding=UnicodeBig, sun.cpu.endian=little, socksNonProxyHosts=local|*.local|169.254/16|*.169.254/16, ftp.nonProxyHosts=local|*.local|169.254/16|*.169.254/16, sun.cpu.isalist=}}, SystemEnvironmentPropertySource@1661406123 {name='systemEnvironment', properties={PATH=/Library/Frameworks/Python.framework/Versions/3.4/bin:/Library/Frameworks/Python.framework/Versions/3.4/bin:/usr/bin:/bin:/usr/sbin:/sbin:/usr/local/bin:/opt/X11/bin:/Library/Frameworks/Mono.framework/Versions/Current/Commands, SHELL=/bin/bash, OLDPWD=/Users/CrimsonDevil/git/LeftoverReviews, VERSIONER_PYTHON_PREFER_32_BIT=no, USER=CrimsonDevil, TMPDIR=/var/folders/s5/2244knyj4fvb72ds80jmj5vm0000gn/T/, SSH_AUTH_SOCK=/private/tmp/com.apple.launchd.m6xdnlYhfs/Listeners, DISPLAY=/private/tmp/com.apple.launchd.zBMSUVUPrN/org.macosforge.xquartz:0, XPC_FLAGS=0x0, VERSIONER_PYTHON_VERSION=2.7, __CF_USER_TEXT_ENCODING=0x1F5:0x0:0x0, Apple_PubSub_Socket_Render=/private/tmp/com.apple.launchd.N5ElLXeq4M/Render, LOGNAME=CrimsonDevil, LC_CTYPE=en_US.UTF-8, XPC_SERVICE_NAME=0, PWD=/Users/CrimsonDevil/git/LeftoverReviews, JAVA_MAIN_CLASS_3504=org.codehaus.classworlds.Launcher, HOME=/Users/CrimsonDevil, SHLVL=1, JAVA_MAIN_CLASS_3514=org.apache.maven.surefire.booter.ForkedBooter, _=/Library/Java/JavaVirtualMachines/jdk1.8.0_101.jdk/Contents/Home/jre/bin/java}}]
21:01:41.765 [main] DEBUG org.springframework.test.context.support.TestPropertySourceUtils - Adding inlined properties to environment: {spring.jmx.enabled=false, org.springframework.boot.test.context.SpringBootTestContextBootstrapper=true, server.port=-1}
21:01:41.766 [main] DEBUG org.springframework.core.env.StandardEnvironment - Adding PropertySource 'Inlined Test Properties' with highest search precedence

  .   ____          _            __ _ _
 /\\ / ___'_ __ _ _(_)_ __  __ _ \ \ \ \
( ( )\___ | '_ | '_| | '_ \/ _` | \ \ \ \
 \\/  ___)| |_)| | | | | || (_| |  ) ) ) )
  '  |____| .__|_| |_|_| |_\__, | / / / /
 =========|_|==============|___/=/_/_/_/
 :: Spring Boot ::        (v2.0.0.RELEASE)

2018-04-04 21:01:42.746  INFO 3514 --- [           main] com.entities.ProductTest                 : Starting ProductTest on Dans-MacBook-Air.local with PID 3514 (started by CrimsonDevil in /Users/CrimsonDevil/git/LeftoverReviews)
2018-04-04 21:01:42.752  INFO 3514 --- [           main] com.entities.ProductTest                 : No active profile set, falling back to default profiles: default
2018-04-04 21:01:43.073  INFO 3514 --- [           main] o.s.w.c.s.GenericWebApplicationContext   : Refreshing org.springframework.web.context.support.GenericWebApplicationContext@4b29d1d2: startup date [Wed Apr 04 21:01:43 EDT 2018]; root of context hierarchy
2018-04-04 21:01:48.016  INFO 3514 --- [           main] o.s.b.f.s.DefaultListableBeanFactory     : Overriding bean definition for bean 'httpRequestHandlerAdapter' with a different definition: replacing [Root bean: class [null]; scope=; abstract=false; lazyInit=false; autowireMode=3; dependencyCheck=0; autowireCandidate=true; primary=false; factoryBeanName=org.springframework.boot.autoconfigure.web.servlet.WebMvcAutoConfiguration$EnableWebMvcConfiguration; factoryMethodName=httpRequestHandlerAdapter; initMethodName=null; destroyMethodName=(inferred); defined in class path resource [org/springframework/boot/autoconfigure/web/servlet/WebMvcAutoConfiguration$EnableWebMvcConfiguration.class]] with [Root bean: class [null]; scope=; abstract=false; lazyInit=false; autowireMode=3; dependencyCheck=0; autowireCandidate=true; primary=false; factoryBeanName=org.springframework.data.rest.webmvc.config.RepositoryRestMvcConfiguration; factoryMethodName=httpRequestHandlerAdapter; initMethodName=null; destroyMethodName=(inferred); defined in class path resource [org/springframework/data/rest/webmvc/config/RepositoryRestMvcConfiguration.class]]
2018-04-04 21:01:53.834  INFO 3514 --- [           main] trationDelegate$BeanPostProcessorChecker : Bean 'org.springframework.transaction.annotation.ProxyTransactionManagementConfiguration' of type [org.springframework.transaction.annotation.ProxyTransactionManagementConfiguration$$EnhancerBySpringCGLIB$$5bc72b99] is not eligible for getting processed by all BeanPostProcessors (for example: not eligible for auto-proxying)
2018-04-04 21:01:56.737  INFO 3514 --- [           main] com.zaxxer.hikari.HikariDataSource       : HikariPool-1 - Starting...
2018-04-04 21:01:58.204  INFO 3514 --- [           main] com.zaxxer.hikari.HikariDataSource       : HikariPool-1 - Start completed.
2018-04-04 21:01:59.107  INFO 3514 --- [           main] j.LocalContainerEntityManagerFactoryBean : Building JPA container EntityManagerFactory for persistence unit 'default'
2018-04-04 21:01:59.231  INFO 3514 --- [           main] o.hibernate.jpa.internal.util.LogHelper  : HHH000204: Processing PersistenceUnitInfo [
	name: default
	...]
2018-04-04 21:01:59.746  INFO 3514 --- [           main] org.hibernate.Version                    : HHH000412: Hibernate Core {5.2.14.Final}
2018-04-04 21:01:59.751  INFO 3514 --- [           main] org.hibernate.cfg.Environment            : HHH000206: hibernate.properties not found
2018-04-04 21:02:00.474  INFO 3514 --- [           main] o.hibernate.annotations.common.Version   : HCANN000001: Hibernate Commons Annotations {5.0.1.Final}
2018-04-04 21:02:01.457  INFO 3514 --- [           main] org.hibernate.dialect.Dialect            : HHH000400: Using dialect: org.hibernate.dialect.H2Dialect
2018-04-04 21:02:04.948  INFO 3514 --- [           main] o.h.t.schema.internal.SchemaCreatorImpl  : HHH000476: Executing import script 'org.hibernate.tool.schema.internal.exec.ScriptSourceInputNonExistentImpl@e49437'
2018-04-04 21:02:04.965  INFO 3514 --- [           main] j.LocalContainerEntityManagerFactoryBean : Initialized JPA EntityManagerFactory for persistence unit 'default'
2018-04-04 21:02:14.286  INFO 3514 --- [           main] s.w.s.m.m.a.RequestMappingHandlerAdapter : Looking for @ControllerAdvice: org.springframework.web.context.support.GenericWebApplicationContext@4b29d1d2: startup date [Wed Apr 04 21:01:43 EDT 2018]; root of context hierarchy
2018-04-04 21:02:14.455  WARN 3514 --- [           main] aWebConfiguration$JpaWebMvcConfiguration : spring.jpa.open-in-view is enabled by default. Therefore, database queries may be performed during view rendering. Explicitly configure spring.jpa.open-in-view to disable this warning
2018-04-04 21:02:14.558  INFO 3514 --- [           main] s.w.s.m.m.a.RequestMappingHandlerMapping : Mapped "{[/home],methods=[GET]}" onto public java.lang.String com.controller.ReviewSystemController.homeDisplay()
2018-04-04 21:02:14.559  INFO 3514 --- [           main] s.w.s.m.m.a.RequestMappingHandlerMapping : Mapped "{[/],methods=[GET]}" onto public java.lang.String com.controller.ReviewSystemController.defaultDisplay()
2018-04-04 21:02:14.560  INFO 3514 --- [           main] s.w.s.m.m.a.RequestMappingHandlerMapping : Mapped "{[/product],methods=[GET]}" onto public java.lang.String com.controller.ReviewSystemController.productDisplay(java.lang.String,org.springframework.ui.Model)
2018-04-04 21:02:14.561  INFO 3514 --- [           main] s.w.s.m.m.a.RequestMappingHandlerMapping : Mapped "{[/user],methods=[GET]}" onto public java.lang.String com.controller.ReviewSystemController.userDisplay(org.springframework.ui.Model)
2018-04-04 21:02:14.561  INFO 3514 --- [           main] s.w.s.m.m.a.RequestMappingHandlerMapping : Mapped "{[/user],methods=[POST]}" onto public java.lang.String com.controller.ReviewSystemController.userSubmit(org.springframework.ui.Model,com.entities.User)
2018-04-04 21:02:14.562  INFO 3514 --- [           main] s.w.s.m.m.a.RequestMappingHandlerMapping : Mapped "{[/allusers],methods=[GET]}" onto public java.lang.String com.controller.ReviewSystemController.allUserDisplay(org.springframework.ui.Model)
2018-04-04 21:02:14.562  INFO 3514 --- [           main] s.w.s.m.m.a.RequestMappingHandlerMapping : Mapped "{[/follow],methods=[GET]}" onto public java.lang.String com.controller.ReviewSystemController.followUser(org.springframework.ui.Model)
2018-04-04 21:02:14.569  INFO 3514 --- [           main] s.w.s.m.m.a.RequestMappingHandlerMapping : Mapped "{[/error]}" onto public org.springframework.http.ResponseEntity<java.util.Map<java.lang.String, java.lang.Object>> org.springframework.boot.autoconfigure.web.servlet.error.BasicErrorController.error(javax.servlet.http.HttpServletRequest)
2018-04-04 21:02:14.570  INFO 3514 --- [           main] s.w.s.m.m.a.RequestMappingHandlerMapping : Mapped "{[/error],produces=[text/html]}" onto public org.springframework.web.servlet.ModelAndView org.springframework.boot.autoconfigure.web.servlet.error.BasicErrorController.errorHtml(javax.servlet.http.HttpServletRequest,javax.servlet.http.HttpServletResponse)
2018-04-04 21:02:14.691  INFO 3514 --- [           main] o.s.w.s.handler.SimpleUrlHandlerMapping  : Mapped URL path [/webjars/**] onto handler of type [class org.springframework.web.servlet.resource.ResourceHttpRequestHandler]
2018-04-04 21:02:14.692  INFO 3514 --- [           main] o.s.w.s.handler.SimpleUrlHandlerMapping  : Mapped URL path [/**] onto handler of type [class org.springframework.web.servlet.resource.ResourceHttpRequestHandler]
2018-04-04 21:02:14.735  INFO 3514 --- [           main] .m.m.a.ExceptionHandlerExceptionResolver : Detected @ExceptionHandler methods in repositoryRestExceptionHandler
2018-04-04 21:02:15.025  INFO 3514 --- [           main] o.s.w.s.handler.SimpleUrlHandlerMapping  : Mapped URL path [/**/favicon.ico] onto handler of type [class org.springframework.web.servlet.resource.ResourceHttpRequestHandler]
2018-04-04 21:02:15.655  INFO 3514 --- [           main] o.s.d.r.w.RepositoryRestHandlerAdapter   : Looking for @ControllerAdvice: org.springframework.web.context.support.GenericWebApplicationContext@4b29d1d2: startup date [Wed Apr 04 21:01:43 EDT 2018]; root of context hierarchy
2018-04-04 21:02:15.711  INFO 3514 --- [           main] o.s.d.r.w.RepositoryRestHandlerMapping   : Mapped "{[/{repository}],methods=[OPTIONS],produces=[application/hal+json || application/json]}" onto public org.springframework.http.ResponseEntity<?> org.springframework.data.rest.webmvc.RepositoryEntityController.optionsForCollectionResource(org.springframework.data.rest.webmvc.RootResourceInformation)
2018-04-04 21:02:15.712  INFO 3514 --- [           main] o.s.d.r.w.RepositoryRestHandlerMapping   : Mapped "{[/{repository}],methods=[HEAD],produces=[application/hal+json || application/json]}" onto public org.springframework.http.ResponseEntity<?> org.springframework.data.rest.webmvc.RepositoryEntityController.headCollectionResource(org.springframework.data.rest.webmvc.RootResourceInformation,org.springframework.data.rest.webmvc.support.DefaultedPageable) throws org.springframework.web.HttpRequestMethodNotSupportedException
2018-04-04 21:02:15.726  INFO 3514 --- [           main] o.s.d.r.w.RepositoryRestHandlerMapping   : Mapped "{[/{repository}],methods=[GET],produces=[application/hal+json || application/json]}" onto public org.springframework.hateoas.Resources<?> org.springframework.data.rest.webmvc.RepositoryEntityController.getCollectionResource(org.springframework.data.rest.webmvc.RootResourceInformation,org.springframework.data.rest.webmvc.support.DefaultedPageable,org.springframework.data.domain.Sort,org.springframework.data.rest.webmvc.PersistentEntityResourceAssembler) throws org.springframework.data.rest.webmvc.ResourceNotFoundException,org.springframework.web.HttpRequestMethodNotSupportedException
2018-04-04 21:02:15.727  INFO 3514 --- [           main] o.s.d.r.w.RepositoryRestHandlerMapping   : Mapped "{[/{repository}],methods=[GET],produces=[application/x-spring-data-compact+json || text/uri-list]}" onto public org.springframework.hateoas.Resources<?> org.springframework.data.rest.webmvc.RepositoryEntityController.getCollectionResourceCompact(org.springframework.data.rest.webmvc.RootResourceInformation,org.springframework.data.rest.webmvc.support.DefaultedPageable,org.springframework.data.domain.Sort,org.springframework.data.rest.webmvc.PersistentEntityResourceAssembler) throws org.springframework.data.rest.webmvc.ResourceNotFoundException,org.springframework.web.HttpRequestMethodNotSupportedException
2018-04-04 21:02:15.729  INFO 3514 --- [           main] o.s.d.r.w.RepositoryRestHandlerMapping   : Mapped "{[/{repository}],methods=[POST],produces=[application/hal+json || application/json]}" onto public org.springframework.http.ResponseEntity<org.springframework.hateoas.ResourceSupport> org.springframework.data.rest.webmvc.RepositoryEntityController.postCollectionResource(org.springframework.data.rest.webmvc.RootResourceInformation,org.springframework.data.rest.webmvc.PersistentEntityResource,org.springframework.data.rest.webmvc.PersistentEntityResourceAssembler,java.lang.String) throws org.springframework.web.HttpRequestMethodNotSupportedException
2018-04-04 21:02:15.730  INFO 3514 --- [           main] o.s.d.r.w.RepositoryRestHandlerMapping   : Mapped "{[/{repository}/{id}],methods=[OPTIONS],produces=[application/hal+json || application/json]}" onto public org.springframework.http.ResponseEntity<?> org.springframework.data.rest.webmvc.RepositoryEntityController.optionsForItemResource(org.springframework.data.rest.webmvc.RootResourceInformation)
2018-04-04 21:02:15.731  INFO 3514 --- [           main] o.s.d.r.w.RepositoryRestHandlerMapping   : Mapped "{[/{repository}/{id}],methods=[HEAD],produces=[application/hal+json || application/json]}" onto public org.springframework.http.ResponseEntity<?> org.springframework.data.rest.webmvc.RepositoryEntityController.headForItemResource(org.springframework.data.rest.webmvc.RootResourceInformation,java.io.Serializable,org.springframework.data.rest.webmvc.PersistentEntityResourceAssembler) throws org.springframework.web.HttpRequestMethodNotSupportedException
2018-04-04 21:02:15.732  INFO 3514 --- [           main] o.s.d.r.w.RepositoryRestHandlerMapping   : Mapped "{[/{repository}/{id}],methods=[GET],produces=[application/hal+json || application/json]}" onto public org.springframework.http.ResponseEntity<org.springframework.hateoas.Resource<?>> org.springframework.data.rest.webmvc.RepositoryEntityController.getItemResource(org.springframework.data.rest.webmvc.RootResourceInformation,java.io.Serializable,org.springframework.data.rest.webmvc.PersistentEntityResourceAssembler,org.springframework.http.HttpHeaders) throws org.springframework.web.HttpRequestMethodNotSupportedException
2018-04-04 21:02:15.734  INFO 3514 --- [           main] o.s.d.r.w.RepositoryRestHandlerMapping   : Mapped "{[/{repository}/{id}],methods=[PUT],produces=[application/hal+json || application/json]}" onto public org.springframework.http.ResponseEntity<? extends org.springframework.hateoas.ResourceSupport> org.springframework.data.rest.webmvc.RepositoryEntityController.putItemResource(org.springframework.data.rest.webmvc.RootResourceInformation,org.springframework.data.rest.webmvc.PersistentEntityResource,java.io.Serializable,org.springframework.data.rest.webmvc.PersistentEntityResourceAssembler,org.springframework.data.rest.webmvc.support.ETag,java.lang.String) throws org.springframework.web.HttpRequestMethodNotSupportedException
2018-04-04 21:02:15.736  INFO 3514 --- [           main] o.s.d.r.w.RepositoryRestHandlerMapping   : Mapped "{[/{repository}/{id}],methods=[PATCH],produces=[application/hal+json || application/json]}" onto public org.springframework.http.ResponseEntity<org.springframework.hateoas.ResourceSupport> org.springframework.data.rest.webmvc.RepositoryEntityController.patchItemResource(org.springframework.data.rest.webmvc.RootResourceInformation,org.springframework.data.rest.webmvc.PersistentEntityResource,java.io.Serializable,org.springframework.data.rest.webmvc.PersistentEntityResourceAssembler,org.springframework.data.rest.webmvc.support.ETag,java.lang.String) throws org.springframework.web.HttpRequestMethodNotSupportedException,org.springframework.data.rest.webmvc.ResourceNotFoundException
2018-04-04 21:02:15.736  INFO 3514 --- [           main] o.s.d.r.w.RepositoryRestHandlerMapping   : Mapped "{[/{repository}/{id}],methods=[DELETE],produces=[application/hal+json || application/json]}" onto public org.springframework.http.ResponseEntity<?> org.springframework.data.rest.webmvc.RepositoryEntityController.deleteItemResource(org.springframework.data.rest.webmvc.RootResourceInformation,java.io.Serializable,org.springframework.data.rest.webmvc.support.ETag) throws org.springframework.data.rest.webmvc.ResourceNotFoundException,org.springframework.web.HttpRequestMethodNotSupportedException
2018-04-04 21:02:15.760  INFO 3514 --- [           main] o.s.d.r.w.RepositoryRestHandlerMapping   : Mapped "{[/ || ],methods=[OPTIONS],produces=[application/hal+json || application/json]}" onto public org.springframework.http.HttpEntity<?> org.springframework.data.rest.webmvc.RepositoryController.optionsForRepositories()
2018-04-04 21:02:15.761  INFO 3514 --- [           main] o.s.d.r.w.RepositoryRestHandlerMapping   : Mapped "{[/ || ],methods=[HEAD],produces=[application/hal+json || application/json]}" onto public org.springframework.http.ResponseEntity<?> org.springframework.data.rest.webmvc.RepositoryController.headForRepositories()
2018-04-04 21:02:15.762  INFO 3514 --- [           main] o.s.d.r.w.RepositoryRestHandlerMapping   : Mapped "{[/ || ],methods=[GET],produces=[application/hal+json || application/json]}" onto public org.springframework.http.HttpEntity<org.springframework.data.rest.webmvc.RepositoryLinksResource> org.springframework.data.rest.webmvc.RepositoryController.listRepositories()
2018-04-04 21:02:15.768  INFO 3514 --- [           main] o.s.d.r.w.RepositoryRestHandlerMapping   : Mapped "{[/{repository}/{id}/{property}],methods=[GET],produces=[application/hal+json || application/json]}" onto public org.springframework.http.ResponseEntity<org.springframework.hateoas.ResourceSupport> org.springframework.data.rest.webmvc.RepositoryPropertyReferenceController.followPropertyReference(org.springframework.data.rest.webmvc.RootResourceInformation,java.io.Serializable,java.lang.String,org.springframework.data.rest.webmvc.PersistentEntityResourceAssembler) throws java.lang.Exception
2018-04-04 21:02:15.769  INFO 3514 --- [           main] o.s.d.r.w.RepositoryRestHandlerMapping   : Mapped "{[/{repository}/{id}/{property}/{propertyId}],methods=[GET],produces=[application/hal+json || application/json]}" onto public org.springframework.http.ResponseEntity<org.springframework.hateoas.ResourceSupport> org.springframework.data.rest.webmvc.RepositoryPropertyReferenceController.followPropertyReference(org.springframework.data.rest.webmvc.RootResourceInformation,java.io.Serializable,java.lang.String,java.lang.String,org.springframework.data.rest.webmvc.PersistentEntityResourceAssembler) throws java.lang.Exception
2018-04-04 21:02:15.770  INFO 3514 --- [           main] o.s.d.r.w.RepositoryRestHandlerMapping   : Mapped "{[/{repository}/{id}/{property}],methods=[DELETE],produces=[application/hal+json || application/json]}" onto public org.springframework.http.ResponseEntity<? extends org.springframework.hateoas.ResourceSupport> org.springframework.data.rest.webmvc.RepositoryPropertyReferenceController.deletePropertyReference(org.springframework.data.rest.webmvc.RootResourceInformation,java.io.Serializable,java.lang.String) throws java.lang.Exception
2018-04-04 21:02:15.771  INFO 3514 --- [           main] o.s.d.r.w.RepositoryRestHandlerMapping   : Mapped "{[/{repository}/{id}/{property}],methods=[GET],produces=[application/x-spring-data-compact+json || text/uri-list]}" onto public org.springframework.http.ResponseEntity<org.springframework.hateoas.ResourceSupport> org.springframework.data.rest.webmvc.RepositoryPropertyReferenceController.followPropertyReferenceCompact(org.springframework.data.rest.webmvc.RootResourceInformation,java.io.Serializable,java.lang.String,org.springframework.data.rest.webmvc.PersistentEntityResourceAssembler) throws java.lang.Exception
2018-04-04 21:02:15.771  INFO 3514 --- [           main] o.s.d.r.w.RepositoryRestHandlerMapping   : Mapped "{[/{repository}/{id}/{property}],methods=[PATCH || PUT || POST],consumes=[application/json || application/x-spring-data-compact+json || text/uri-list],produces=[application/hal+json || application/json]}" onto public org.springframework.http.ResponseEntity<? extends org.springframework.hateoas.ResourceSupport> org.springframework.data.rest.webmvc.RepositoryPropertyReferenceController.createPropertyReference(org.springframework.data.rest.webmvc.RootResourceInformation,org.springframework.http.HttpMethod,org.springframework.hateoas.Resources<java.lang.Object>,java.io.Serializable,java.lang.String) throws java.lang.Exception
2018-04-04 21:02:15.772  INFO 3514 --- [           main] o.s.d.r.w.RepositoryRestHandlerMapping   : Mapped "{[/{repository}/{id}/{property}/{propertyId}],methods=[DELETE],produces=[application/hal+json || application/json]}" onto public org.springframework.http.ResponseEntity<org.springframework.hateoas.ResourceSupport> org.springframework.data.rest.webmvc.RepositoryPropertyReferenceController.deletePropertyReferenceId(org.springframework.data.rest.webmvc.RootResourceInformation,java.io.Serializable,java.lang.String,java.lang.String) throws java.lang.Exception
2018-04-04 21:02:15.774  INFO 3514 --- [           main] o.s.d.r.w.RepositoryRestHandlerMapping   : Mapped "{[/{repository}/search/{search}],methods=[GET],produces=[application/hal+json || application/json]}" onto public org.springframework.http.ResponseEntity<?> org.springframework.data.rest.webmvc.RepositorySearchController.executeSearch(org.springframework.data.rest.webmvc.RootResourceInformation,org.springframework.util.MultiValueMap<java.lang.String, java.lang.Object>,java.lang.String,org.springframework.data.rest.webmvc.support.DefaultedPageable,org.springframework.data.domain.Sort,org.springframework.data.rest.webmvc.PersistentEntityResourceAssembler,org.springframework.http.HttpHeaders)
2018-04-04 21:02:15.775  INFO 3514 --- [           main] o.s.d.r.w.RepositoryRestHandlerMapping   : Mapped "{[/{repository}/search],methods=[OPTIONS],produces=[application/hal+json || application/json]}" onto public org.springframework.http.HttpEntity<?> org.springframework.data.rest.webmvc.RepositorySearchController.optionsForSearches(org.springframework.data.rest.webmvc.RootResourceInformation)
2018-04-04 21:02:15.776  INFO 3514 --- [           main] o.s.d.r.w.RepositoryRestHandlerMapping   : Mapped "{[/{repository}/search],methods=[HEAD],produces=[application/hal+json || application/json]}" onto public org.springframework.http.HttpEntity<?> org.springframework.data.rest.webmvc.RepositorySearchController.headForSearches(org.springframework.data.rest.webmvc.RootResourceInformation)
2018-04-04 21:02:15.776  INFO 3514 --- [           main] o.s.d.r.w.RepositoryRestHandlerMapping   : Mapped "{[/{repository}/search],methods=[GET],produces=[application/hal+json || application/json]}" onto public org.springframework.data.rest.webmvc.RepositorySearchesResource org.springframework.data.rest.webmvc.RepositorySearchController.listSearches(org.springframework.data.rest.webmvc.RootResourceInformation)
2018-04-04 21:02:15.777  INFO 3514 --- [           main] o.s.d.r.w.RepositoryRestHandlerMapping   : Mapped "{[/{repository}/search/{search}],methods=[GET],produces=[application/x-spring-data-compact+json]}" onto public org.springframework.hateoas.ResourceSupport org.springframework.data.rest.webmvc.RepositorySearchController.executeSearchCompact(org.springframework.data.rest.webmvc.RootResourceInformation,org.springframework.http.HttpHeaders,org.springframework.util.MultiValueMap<java.lang.String, java.lang.Object>,java.lang.String,java.lang.String,org.springframework.data.rest.webmvc.support.DefaultedPageable,org.springframework.data.domain.Sort,org.springframework.data.rest.webmvc.PersistentEntityResourceAssembler)
2018-04-04 21:02:15.785  INFO 3514 --- [           main] o.s.d.r.w.RepositoryRestHandlerMapping   : Mapped "{[/{repository}/search/{search}],methods=[OPTIONS],produces=[application/hal+json || application/json]}" onto public org.springframework.http.ResponseEntity<java.lang.Object> org.springframework.data.rest.webmvc.RepositorySearchController.optionsForSearch(org.springframework.data.rest.webmvc.RootResourceInformation,java.lang.String)
2018-04-04 21:02:15.786  INFO 3514 --- [           main] o.s.d.r.w.RepositoryRestHandlerMapping   : Mapped "{[/{repository}/search/{search}],methods=[HEAD],produces=[application/hal+json || application/json]}" onto public org.springframework.http.ResponseEntity<java.lang.Object> org.springframework.data.rest.webmvc.RepositorySearchController.headForSearch(org.springframework.data.rest.webmvc.RootResourceInformation,java.lang.String)
2018-04-04 21:02:15.808  INFO 3514 --- [           main] o.s.d.r.w.BasePathAwareHandlerMapping    : Mapped "{[/profile/{repository}],methods=[GET],produces=[application/schema+json]}" onto public org.springframework.http.HttpEntity<org.springframework.data.rest.webmvc.json.JsonSchema> org.springframework.data.rest.webmvc.RepositorySchemaController.schema(org.springframework.data.rest.webmvc.RootResourceInformation)
2018-04-04 21:02:15.808  INFO 3514 --- [           main] o.s.d.r.w.BasePathAwareHandlerMapping    : Mapped "{[/profile],methods=[OPTIONS]}" onto public org.springframework.http.HttpEntity<?> org.springframework.data.rest.webmvc.ProfileController.profileOptions()
2018-04-04 21:02:15.809  INFO 3514 --- [           main] o.s.d.r.w.BasePathAwareHandlerMapping    : Mapped "{[/profile],methods=[GET]}" onto org.springframework.http.HttpEntity<org.springframework.hateoas.ResourceSupport> org.springframework.data.rest.webmvc.ProfileController.listAllFormsOfMetadata()
2018-04-04 21:02:15.810  INFO 3514 --- [           main] o.s.d.r.w.BasePathAwareHandlerMapping    : Mapped "{[/profile/{repository}],methods=[GET],produces=[application/alps+json || */*]}" onto org.springframework.http.HttpEntity<org.springframework.data.rest.webmvc.RootResourceInformation> org.springframework.data.rest.webmvc.alps.AlpsController.descriptor(org.springframework.data.rest.webmvc.RootResourceInformation)
2018-04-04 21:02:15.810  INFO 3514 --- [           main] o.s.d.r.w.BasePathAwareHandlerMapping    : Mapped "{[/profile/{repository}],methods=[OPTIONS],produces=[application/alps+json]}" onto org.springframework.http.HttpEntity<?> org.springframework.data.rest.webmvc.alps.AlpsController.alpsOptions()
2018-04-04 21:02:16.549  INFO 3514 --- [           main] com.entities.ProductTest                 : Started ProductTest in 34.752 seconds (JVM running for 38.935)
2018-04-04 21:02:17.099  INFO 3514 --- [           main] o.h.h.i.QueryTranslatorFactoryInitiator  : HHH000397: Using ASTQueryTranslatorFactory
2018-04-04 21:02:17.899 ERROR 3514 --- [           main] o.h.i.ExceptionMapperStandardImpl        : HHH000346: Error during managed flush [Validation failed for classes [com.entities.Product] during persist time for groups [javax.validation.groups.Default, ]
List of constraint violations:[
	ConstraintViolationImpl{interpolatedMessage='must not be null', propertyPath=productName, rootBeanClass=class com.entities.Product, messageTemplate='{javax.validation.constraints.NotNull.message}'}
]]
]]></system-out>
  </testcase>
  <testcase name="equalsNotFalseNegative" classname="com.entities.ProductTest" time="0.071">
    <error message="Could not commit JPA transaction; nested exception is javax.persistence.RollbackException: Error while committing the transaction" type="org.springframework.transaction.TransactionSystemException">org.springframework.transaction.TransactionSystemException: Could not commit JPA transaction; nested exception is javax.persistence.RollbackException: Error while committing the transaction
	at com.entities.ProductTest.equalsNotFalseNegative(ProductTest.java:38)
Caused by: javax.persistence.RollbackException: Error while committing the transaction
	at com.entities.ProductTest.equalsNotFalseNegative(ProductTest.java:38)
Caused by: javax.validation.ConstraintViolationException: 
Validation failed for classes [com.entities.Product] during persist time for groups [javax.validation.groups.Default, ]
List of constraint violations:[
	ConstraintViolationImpl{interpolatedMessage='must not be null', propertyPath=productName, rootBeanClass=class com.entities.Product, messageTemplate='{javax.validation.constraints.NotNull.message}'}
]
	at com.entities.ProductTest.equalsNotFalseNegative(ProductTest.java:38)
</error>
    <system-out><![CDATA[2018-04-04 21:02:18.016 ERROR 3514 --- [           main] o.h.i.ExceptionMapperStandardImpl        : HHH000346: Error during managed flush [Validation failed for classes [com.entities.Product] during persist time for groups [javax.validation.groups.Default, ]
List of constraint violations:[
	ConstraintViolationImpl{interpolatedMessage='must not be null', propertyPath=productName, rootBeanClass=class com.entities.Product, messageTemplate='{javax.validation.constraints.NotNull.message}'}
]]
]]></system-out>
  </testcase>
</testsuite>